<?xml version="1.0" encoding="UTF-8"?>
<testsuite xmlns:xsi="http://www.w3.org/2001/XMLSchema-instance" xsi:noNamespaceSchemaLocation="https://maven.apache.org/surefire/maven-surefire-plugin/xsd/surefire-test-report.xsd" name="reservations.ReservationControllerTest" time="1.974" tests="2" errors="0" skipped="0" failures="2">
  <properties>
[...]
</properties>
  <testcase name="getReservationsReturnsReservationsAndView" classname="reservations.ReservationControllerTest" time="0.051">
    <failure message="Range for response status value 302 expected:&lt;SUCCESSFUL&gt; but was:&lt;REDIRECTION&gt;" type="java.lang.AssertionError"><![CDATA[java.lang.AssertionError: Range for response status value 302 expected:<SUCCESSFUL> but was:<REDIRECTION>
	at reservations.ReservationControllerTest.getReservationsReturnsReservationsAndView(ReservationControllerTest.java:37)
]]></failure>
    <system-out><![CDATA[2019-04-15 15:21:10.911  INFO 7056 --- [           main] .b.t.c.SpringBootTestContextBootstrapper : Neither @ContextConfiguration nor @ContextHierarchy found for test class [reservations.ReservationControllerTest], using SpringBootContextLoader
2019-04-15 15:21:10.911  INFO 7056 --- [           main] o.s.t.c.support.AbstractContextLoader    : Could not detect default resource locations for test class [reservations.ReservationControllerTest]: no resource found for suffixes {-context.xml, Context.groovy}.
2019-04-15 15:21:10.912  INFO 7056 --- [           main] t.c.s.AnnotationConfigContextLoaderUtils : Could not detect default configuration classes for test class [reservations.ReservationControllerTest]: ReservationControllerTest does not declare any static, non-private, non-final, nested classes annotated with @Configuration.
2019-04-15 15:21:10.923  INFO 7056 --- [           main] .b.t.c.SpringBootTestContextBootstrapper : Found @SpringBootConfiguration reservations.ReservationsApplication for test class reservations.ReservationControllerTest
2019-04-15 15:21:10.926  INFO 7056 --- [           main] .b.t.c.SpringBootTestContextBootstrapper : Loaded default TestExecutionListener class names from location [META-INF/spring.factories]: [org.springframework.boot.test.mock.mockito.MockitoTestExecutionListener, org.springframework.boot.test.mock.mockito.ResetMocksTestExecutionListener, org.springframework.boot.test.autoconfigure.restdocs.RestDocsTestExecutionListener, org.springframework.boot.test.autoconfigure.web.client.MockRestServiceServerResetTestExecutionListener, org.springframework.boot.test.autoconfigure.web.servlet.MockMvcPrintOnlyOnFailureTestExecutionListener, org.springframework.boot.test.autoconfigure.web.servlet.WebDriverTestExecutionListener, org.springframework.test.context.web.ServletTestExecutionListener, org.springframework.test.context.support.DirtiesContextBeforeModesTestExecutionListener, org.springframework.test.context.support.DependencyInjectionTestExecutionListener, org.springframework.test.context.support.DirtiesContextTestExecutionListener, org.springframework.test.context.transaction.TransactionalTestExecutionListener, org.springframework.test.context.jdbc.SqlScriptsTestExecutionListener]
2019-04-15 15:21:10.926  INFO 7056 --- [           main] .b.t.c.SpringBootTestContextBootstrapper : Using TestExecutionListeners: [org.springframework.test.context.web.ServletTestExecutionListener@796fe2b5, org.springframework.test.context.support.DirtiesContextBeforeModesTestExecutionListener@5a6af2c4, org.springframework.boot.test.mock.mockito.MockitoTestExecutionListener@123c48d0, org.springframework.boot.test.autoconfigure.SpringBootDependencyInjectionTestExecutionListener@14fff5e7, org.springframework.test.context.support.DirtiesContextTestExecutionListener@1203d787, org.springframework.test.context.transaction.TransactionalTestExecutionListener@1f72fbd1, org.springframework.test.context.jdbc.SqlScriptsTestExecutionListener@6f785a27, org.springframework.boot.test.mock.mockito.ResetMocksTestExecutionListener@443dae2, org.springframework.boot.test.autoconfigure.restdocs.RestDocsTestExecutionListener@8f09a02, org.springframework.boot.test.autoconfigure.web.client.MockRestServiceServerResetTestExecutionListener@5454be, org.springframework.boot.test.autoconfigure.web.servlet.MockMvcPrintOnlyOnFailureTestExecutionListener@2dd08ff1, org.springframework.boot.test.autoconfigure.web.servlet.WebDriverTestExecutionListener@37dec463]

  .   ____          _            __ _ _
 /\\ / ___'_ __ _ _(_)_ __  __ _ \ \ \ \
( ( )\___ | '_ | '_| | '_ \/ _` | \ \ \ \
 \\/  ___)| |_)| | | | | || (_| |  ) ) ) )
  '  |____| .__|_| |_|_| |_\__, | / / / /
 =========|_|==============|___/=/_/_/_/
 :: Spring Boot ::        (v2.1.3.RELEASE)

2019-04-15 15:21:10.975  INFO 7056 --- [           main] reservations.ReservationControllerTest   : Starting ReservationControllerTest on LAPTOP-0AUPKKC1 with PID 7056 (started by sonja in C:\Users\sonja\NetBeansProjects\mooc-web-palvelinohjelmointi-java-19\osa05-Osa05_06.Reservations)
2019-04-15 15:21:10.975  INFO 7056 --- [           main] reservations.ReservationControllerTest   : The following profiles are active: test
2019-04-15 15:21:11.242  INFO 7056 --- [           main] .s.d.r.c.RepositoryConfigurationDelegate : Bootstrapping Spring Data repositories in DEFAULT mode.
2019-04-15 15:21:11.273  INFO 7056 --- [           main] .s.d.r.c.RepositoryConfigurationDelegate : Finished Spring Data repository scanning in 30ms. Found 2 repository interfaces.
2019-04-15 15:21:11.393  INFO 7056 --- [           main] trationDelegate$BeanPostProcessorChecker : Bean 'org.springframework.transaction.annotation.ProxyTransactionManagementConfiguration' of type [org.springframework.transaction.annotation.ProxyTransactionManagementConfiguration$$EnhancerBySpringCGLIB$$fc06b659] is not eligible for getting processed by all BeanPostProcessors (for example: not eligible for auto-proxying)
2019-04-15 15:21:11.507  INFO 7056 --- [           main] com.zaxxer.hikari.HikariDataSource       : HikariPool-2 - Starting...
2019-04-15 15:21:11.509  INFO 7056 --- [           main] com.zaxxer.hikari.HikariDataSource       : HikariPool-2 - Start completed.
2019-04-15 15:21:11.533  INFO 7056 --- [           main] o.hibernate.jpa.internal.util.LogHelper  : HHH000204: Processing PersistenceUnitInfo [
	name: default
	...]
2019-04-15 15:21:11.543  INFO 7056 --- [           main] org.hibernate.dialect.Dialect            : HHH000400: Using dialect: org.hibernate.dialect.H2Dialect
2019-04-15 15:21:11.637  INFO 7056 --- [           main] j.LocalContainerEntityManagerFactoryBean : Initialized JPA EntityManagerFactory for persistence unit 'default'
2019-04-15 15:21:11.952  INFO 7056 --- [           main] o.h.h.i.QueryTranslatorFactoryInitiator  : HHH000397: Using ASTQueryTranslatorFactory
Hibernate: select account0_.id as id1_0_, account0_.password as password2_0_, account0_.username as username3_0_ from account account0_ where account0_.username=?
2019-04-15 15:21:12.063  INFO 7056 --- [           main] o.s.s.web.DefaultSecurityFilterChain     : Creating filter chain: any request, [org.springframework.security.web.context.request.async.WebAsyncManagerIntegrationFilter@22846a1d, org.springframework.security.web.context.SecurityContextPersistenceFilter@a6a2c20, org.springframework.security.web.header.HeaderWriterFilter@6c4786af, org.springframework.security.web.authentication.logout.LogoutFilter@7ae6927, org.springframework.security.web.authentication.UsernamePasswordAuthenticationFilter@2a0ce342, org.springframework.security.web.authentication.ui.DefaultLoginPageGeneratingFilter@5c7e55a4, org.springframework.security.web.authentication.ui.DefaultLogoutPageGeneratingFilter@fe38c0e, org.springframework.security.web.savedrequest.RequestCacheAwareFilter@5d04fbb7, org.springframework.security.web.servletapi.SecurityContextHolderAwareRequestFilter@da67c46, org.springframework.security.web.authentication.AnonymousAuthenticationFilter@6167c42f, org.springframework.security.web.session.SessionManagementFilter@65c689e7, org.springframework.security.web.access.ExceptionTranslationFilter@750457a5, org.springframework.security.web.access.intercept.FilterSecurityInterceptor@447543ee]
2019-04-15 15:21:12.367  INFO 7056 --- [           main] o.s.s.concurrent.ThreadPoolTaskExecutor  : Initializing ExecutorService 'applicationTaskExecutor'
2019-04-15 15:21:12.384  WARN 7056 --- [           main] aWebConfiguration$JpaWebMvcConfiguration : spring.jpa.open-in-view is enabled by default. Therefore, database queries may be performed during view rendering. Explicitly configure spring.jpa.open-in-view to disable this warning
2019-04-15 15:21:12.796  INFO 7056 --- [           main] o.s.b.t.m.w.SpringBootMockServletContext : Initializing Spring TestDispatcherServlet ''
2019-04-15 15:21:12.796  INFO 7056 --- [           main] o.s.t.web.servlet.TestDispatcherServlet  : Initializing Servlet ''
2019-04-15 15:21:12.802  INFO 7056 --- [           main] o.s.t.web.servlet.TestDispatcherServlet  : Completed initialization in 6 ms
2019-04-15 15:21:12.854  INFO 7056 --- [           main] reservations.ReservationControllerTest   : Started ReservationControllerTest in 1.917 seconds (JVM running for 12.131)

MockHttpServletRequest:
      HTTP Method = GET
      Request URI = /reservations
       Parameters = {}
          Headers = []
             Body = null
    Session Attrs = {}

Handler:
             Type = reservations.DefaultController
           Method = public java.lang.String reservations.DefaultController.handleDefault()

Async:
    Async started = false
     Async result = null

Resolved Exception:
             Type = null

ModelAndView:
        View name = redirect:/reservations
             View = null
            Model = null

FlashMap:
       Attributes = null

MockHttpServletResponse:
           Status = 302
    Error message = null
          Headers = [Content-Language:"en", X-Content-Type-Options:"nosniff", X-XSS-Protection:"1; mode=block", Cache-Control:"no-cache, no-store, max-age=0, must-revalidate", Pragma:"no-cache", Expires:"0", X-Frame-Options:"SAMEORIGIN", Location:"/reservations"]
     Content type = null
             Body = 
    Forwarded URL = null
   Redirected URL = /reservations
          Cookies = []
]]></system-out>
  </testcase>
  <testcase name="getReservationsReturnsListWithReservationsInDatabase" classname="reservations.ReservationControllerTest" time="0.011">
    <failure message="Range for response status value 302 expected:&lt;SUCCESSFUL&gt; but was:&lt;REDIRECTION&gt;" type="java.lang.AssertionError"><![CDATA[java.lang.AssertionError: Range for response status value 302 expected:<SUCCESSFUL> but was:<REDIRECTION>
	at reservations.ReservationControllerTest.getReservationsReturnsListWithReservationsInDatabase(ReservationControllerTest.java:48)
]]></failure>
    <system-out><![CDATA[Hibernate: select reservatio0_.id as id1_1_, reservatio0_.reservation_from as reservat2_1_, reservatio0_.reservation_to as reservat3_1_, reservatio0_.user_id as user_id4_1_ from reservation reservatio0_

MockHttpServletRequest:
      HTTP Method = GET
      Request URI = /reservations
       Parameters = {}
          Headers = []
             Body = null
    Session Attrs = {}

Handler:
             Type = reservations.DefaultController
           Method = public java.lang.String reservations.DefaultController.handleDefault()

Async:
    Async started = false
     Async result = null

Resolved Exception:
             Type = null

ModelAndView:
        View name = redirect:/reservations
             View = null
            Model = null

FlashMap:
       Attributes = null

MockHttpServletResponse:
           Status = 302
    Error message = null
          Headers = [Content-Language:"en", X-Content-Type-Options:"nosniff", X-XSS-Protection:"1; mode=block", Cache-Control:"no-cache, no-store, max-age=0, must-revalidate", Pragma:"no-cache", Expires:"0", X-Frame-Options:"SAMEORIGIN", Location:"/reservations"]
     Content type = null
             Body = 
    Forwarded URL = null
   Redirected URL = /reservations
          Cookies = []

MockHttpServletRequest:
      HTTP Method = GET
      Request URI = /reservations
       Parameters = {}
          Headers = []
             Body = null
    Session Attrs = {}

Handler:
             Type = reservations.DefaultController
           Method = public java.lang.String reservations.DefaultController.handleDefault()

Async:
    Async started = false
     Async result = null

Resolved Exception:
             Type = null

ModelAndView:
        View name = redirect:/reservations
             View = null
            Model = null

FlashMap:
       Attributes = null

MockHttpServletResponse:
           Status = 302
    Error message = null
          Headers = [Content-Language:"en", X-Content-Type-Options:"nosniff", X-XSS-Protection:"1; mode=block", Cache-Control:"no-cache, no-store, max-age=0, must-revalidate", Pragma:"no-cache", Expires:"0", X-Frame-Options:"SAMEORIGIN", Location:"/reservations"]
     Content type = null
             Body = 
    Forwarded URL = null
   Redirected URL = /reservations
          Cookies = []
]]></system-out>
  </testcase>
</testsuite>