<?xml version="1.0" encoding="UTF-8"?>
<testsuite xmlns:xsi="http://www.w3.org/2001/XMLSchema-instance" xsi:noNamespaceSchemaLocation="https://maven.apache.org/surefire/maven-surefire-plugin/xsd/surefire-test-report.xsd" name="reservations.ReservationApplicationTest" time="9.75" tests="2" errors="2" skipped="0" failures="0">
  <properties>
[...]
</properties>
  <testcase name="canListReservations" classname="reservations.ReservationApplicationTest" time="1.544">
    <error message="com.gargoylesoftware.htmlunit.FailingHttpStatusCodeException: Too much redirect for http://localhost:49323/reservations&#10;Build info: version: &apos;3.14.0&apos;, revision: &apos;aacccce0&apos;, time: &apos;2018-08-02T20:19:58.91Z&apos;&#10;System info: host: &apos;LAPTOP-0AUPKKC1&apos;, ip: &apos;86.50.13.73&apos;, os.name: &apos;Windows 10&apos;, os.arch: &apos;amd64&apos;, os.version: &apos;10.0&apos;, java.version: &apos;1.8.0_191&apos;&#10;Driver info: driver.version: HtmlUnitDriver" type="org.openqa.selenium.WebDriverException">org.openqa.selenium.WebDriverException: 
com.gargoylesoftware.htmlunit.FailingHttpStatusCodeException: Too much redirect for http://localhost:49323/reservations
Build info: version: '3.14.0', revision: 'aacccce0', time: '2018-08-02T20:19:58.91Z'
System info: host: 'LAPTOP-0AUPKKC1', ip: '86.50.13.73', os.name: 'Windows 10', os.arch: 'amd64', os.version: '10.0', java.version: '1.8.0_191'
Driver info: driver.version: HtmlUnitDriver
Caused by: com.gargoylesoftware.htmlunit.FailingHttpStatusCodeException: Too much redirect for http://localhost:49323/reservations
</error>
    <system-out><![CDATA[15:21:01.339 [main] DEBUG org.springframework.test.context.junit4.SpringJUnit4ClassRunner - SpringJUnit4ClassRunner constructor called with [class reservations.ReservationApplicationTest]
15:21:01.347 [main] DEBUG org.springframework.test.context.BootstrapUtils - Instantiating CacheAwareContextLoaderDelegate from class [org.springframework.test.context.cache.DefaultCacheAwareContextLoaderDelegate]
15:21:01.355 [main] DEBUG org.springframework.test.context.BootstrapUtils - Instantiating BootstrapContext using constructor [public org.springframework.test.context.support.DefaultBootstrapContext(java.lang.Class,org.springframework.test.context.CacheAwareContextLoaderDelegate)]
15:21:01.375 [main] DEBUG org.springframework.test.context.BootstrapUtils - Instantiating TestContextBootstrapper for test class [reservations.ReservationApplicationTest] from class [org.springframework.boot.test.context.SpringBootTestContextBootstrapper]
15:21:01.395 [main] INFO org.springframework.boot.test.context.SpringBootTestContextBootstrapper - Neither @ContextConfiguration nor @ContextHierarchy found for test class [reservations.ReservationApplicationTest], using SpringBootContextLoader
15:21:01.399 [main] DEBUG org.springframework.test.context.support.AbstractContextLoader - Did not detect default resource location for test class [reservations.ReservationApplicationTest]: class path resource [reservations/ReservationApplicationTest-context.xml] does not exist
15:21:01.399 [main] DEBUG org.springframework.test.context.support.AbstractContextLoader - Did not detect default resource location for test class [reservations.ReservationApplicationTest]: class path resource [reservations/ReservationApplicationTestContext.groovy] does not exist
15:21:01.400 [main] INFO org.springframework.test.context.support.AbstractContextLoader - Could not detect default resource locations for test class [reservations.ReservationApplicationTest]: no resource found for suffixes {-context.xml, Context.groovy}.
15:21:01.401 [main] INFO org.springframework.test.context.support.AnnotationConfigContextLoaderUtils - Could not detect default configuration classes for test class [reservations.ReservationApplicationTest]: ReservationApplicationTest does not declare any static, non-private, non-final, nested classes annotated with @Configuration.
15:21:01.533 [main] DEBUG org.springframework.context.annotation.ClassPathScanningCandidateComponentProvider - Identified candidate component class: file [C:\Users\sonja\NetBeansProjects\mooc-web-palvelinohjelmointi-java-19\osa05-Osa05_06.Reservations\target\classes\reservations\ReservationsApplication.class]
15:21:01.541 [main] INFO org.springframework.boot.test.context.SpringBootTestContextBootstrapper - Found @SpringBootConfiguration reservations.ReservationsApplication for test class reservations.ReservationApplicationTest
15:21:01.626 [main] DEBUG org.springframework.boot.test.context.SpringBootTestContextBootstrapper - @TestExecutionListeners is not present for class [reservations.ReservationApplicationTest]: using defaults.
15:21:01.626 [main] INFO org.springframework.boot.test.context.SpringBootTestContextBootstrapper - Loaded default TestExecutionListener class names from location [META-INF/spring.factories]: [org.springframework.boot.test.mock.mockito.MockitoTestExecutionListener, org.springframework.boot.test.mock.mockito.ResetMocksTestExecutionListener, org.springframework.boot.test.autoconfigure.restdocs.RestDocsTestExecutionListener, org.springframework.boot.test.autoconfigure.web.client.MockRestServiceServerResetTestExecutionListener, org.springframework.boot.test.autoconfigure.web.servlet.MockMvcPrintOnlyOnFailureTestExecutionListener, org.springframework.boot.test.autoconfigure.web.servlet.WebDriverTestExecutionListener, org.springframework.test.context.web.ServletTestExecutionListener, org.springframework.test.context.support.DirtiesContextBeforeModesTestExecutionListener, org.springframework.test.context.support.DependencyInjectionTestExecutionListener, org.springframework.test.context.support.DirtiesContextTestExecutionListener, org.springframework.test.context.transaction.TransactionalTestExecutionListener, org.springframework.test.context.jdbc.SqlScriptsTestExecutionListener]
15:21:01.643 [main] INFO org.springframework.boot.test.context.SpringBootTestContextBootstrapper - Using TestExecutionListeners: [org.springframework.test.context.web.ServletTestExecutionListener@671a5887, org.springframework.test.context.support.DirtiesContextBeforeModesTestExecutionListener@5552768b, org.springframework.boot.test.mock.mockito.MockitoTestExecutionListener@3c947bc5, org.springframework.boot.test.autoconfigure.SpringBootDependencyInjectionTestExecutionListener@609db43b, org.springframework.test.context.support.DirtiesContextTestExecutionListener@55f616cf, org.springframework.test.context.transaction.TransactionalTestExecutionListener@1356d4d4, org.springframework.test.context.jdbc.SqlScriptsTestExecutionListener@c03cf28, org.springframework.boot.test.mock.mockito.ResetMocksTestExecutionListener@1329eff, org.springframework.boot.test.autoconfigure.restdocs.RestDocsTestExecutionListener@6497b078, org.springframework.boot.test.autoconfigure.web.client.MockRestServiceServerResetTestExecutionListener@41c2284a, org.springframework.boot.test.autoconfigure.web.servlet.MockMvcPrintOnlyOnFailureTestExecutionListener@53aad5d5, org.springframework.boot.test.autoconfigure.web.servlet.WebDriverTestExecutionListener@46fa7c39]
15:21:01.645 [main] DEBUG org.springframework.test.annotation.ProfileValueUtils - Retrieved @ProfileValueSourceConfiguration [null] for test class [reservations.ReservationApplicationTest]
15:21:01.645 [main] DEBUG org.springframework.test.annotation.ProfileValueUtils - Retrieved ProfileValueSource type [class org.springframework.test.annotation.SystemProfileValueSource] for class [reservations.ReservationApplicationTest]
15:21:01.646 [main] DEBUG org.springframework.test.annotation.ProfileValueUtils - Retrieved @ProfileValueSourceConfiguration [null] for test class [reservations.ReservationApplicationTest]
15:21:01.647 [main] DEBUG org.springframework.test.annotation.ProfileValueUtils - Retrieved ProfileValueSource type [class org.springframework.test.annotation.SystemProfileValueSource] for class [reservations.ReservationApplicationTest]
15:21:01.647 [main] DEBUG org.springframework.test.annotation.ProfileValueUtils - Retrieved @ProfileValueSourceConfiguration [null] for test class [reservations.ReservationApplicationTest]
15:21:01.647 [main] DEBUG org.springframework.test.annotation.ProfileValueUtils - Retrieved ProfileValueSource type [class org.springframework.test.annotation.SystemProfileValueSource] for class [reservations.ReservationApplicationTest]
15:21:01.649 [main] DEBUG org.springframework.test.annotation.ProfileValueUtils - Retrieved @ProfileValueSourceConfiguration [null] for test class [reservations.ReservationApplicationTest]
15:21:01.649 [main] DEBUG org.springframework.test.annotation.ProfileValueUtils - Retrieved ProfileValueSource type [class org.springframework.test.annotation.SystemProfileValueSource] for class [reservations.ReservationApplicationTest]
15:21:01.652 [main] DEBUG org.springframework.test.context.support.AbstractDirtiesContextTestExecutionListener - Before test class: context [DefaultTestContext@5fa07e12 testClass = ReservationApplicationTest, testInstance = [null], testMethod = [null], testException = [null], mergedContextConfiguration = [WebMergedContextConfiguration@55b53d44 testClass = ReservationApplicationTest, locations = '{}', classes = '{class reservations.ReservationsApplication}', contextInitializerClasses = '[]', activeProfiles = '{test}', propertySourceLocations = '{}', propertySourceProperties = '{org.springframework.boot.test.context.SpringBootTestContextBootstrapper=true, server.port=0}', contextCustomizers = set[org.springframework.boot.test.context.filter.ExcludeFilterContextCustomizer@345965f2, org.springframework.boot.test.json.DuplicateJsonObjectContextCustomizerFactory$DuplicateJsonObjectContextCustomizer@279ad2e3, org.springframework.boot.test.mock.mockito.MockitoContextCustomizer@0, org.springframework.boot.test.web.client.TestRestTemplateContextCustomizer@770c2e6b, org.springframework.boot.test.autoconfigure.properties.PropertyMappingContextCustomizer@0, org.springframework.boot.test.autoconfigure.web.servlet.WebDriverContextCustomizerFactory$Customizer@400cff1a], resourceBasePath = 'src/main/webapp', contextLoader = 'org.springframework.boot.test.context.SpringBootContextLoader', parent = [null]], attributes = map['org.springframework.test.context.web.ServletTestExecutionListener.activateListener' -> false]], class annotated with @DirtiesContext [false] with mode [null].
15:21:01.653 [main] DEBUG org.springframework.test.annotation.ProfileValueUtils - Retrieved @ProfileValueSourceConfiguration [null] for test class [reservations.ReservationApplicationTest]
15:21:01.653 [main] DEBUG org.springframework.test.annotation.ProfileValueUtils - Retrieved ProfileValueSource type [class org.springframework.test.annotation.SystemProfileValueSource] for class [reservations.ReservationApplicationTest]
15:21:01.722 [main] DEBUG org.springframework.test.context.support.DependencyInjectionTestExecutionListener - Performing dependency injection for test context [[DefaultTestContext@5fa07e12 testClass = ReservationApplicationTest, testInstance = reservations.ReservationApplicationTest@72cc7e6f, testMethod = [null], testException = [null], mergedContextConfiguration = [WebMergedContextConfiguration@55b53d44 testClass = ReservationApplicationTest, locations = '{}', classes = '{class reservations.ReservationsApplication}', contextInitializerClasses = '[]', activeProfiles = '{test}', propertySourceLocations = '{}', propertySourceProperties = '{org.springframework.boot.test.context.SpringBootTestContextBootstrapper=true, server.port=0}', contextCustomizers = set[org.springframework.boot.test.context.filter.ExcludeFilterContextCustomizer@345965f2, org.springframework.boot.test.json.DuplicateJsonObjectContextCustomizerFactory$DuplicateJsonObjectContextCustomizer@279ad2e3, org.springframework.boot.test.mock.mockito.MockitoContextCustomizer@0, org.springframework.boot.test.web.client.TestRestTemplateContextCustomizer@770c2e6b, org.springframework.boot.test.autoconfigure.properties.PropertyMappingContextCustomizer@0, org.springframework.boot.test.autoconfigure.web.servlet.WebDriverContextCustomizerFactory$Customizer@400cff1a], resourceBasePath = 'src/main/webapp', contextLoader = 'org.springframework.boot.test.context.SpringBootContextLoader', parent = [null]], attributes = map['org.springframework.test.context.web.ServletTestExecutionListener.activateListener' -> false]]].
15:21:01.750 [main] DEBUG org.springframework.test.context.support.TestPropertySourceUtils - Adding inlined properties to environment: {spring.jmx.enabled=false, org.springframework.boot.test.context.SpringBootTestContextBootstrapper=true, server.port=0}

  .   ____          _            __ _ _
 /\\ / ___'_ __ _ _(_)_ __  __ _ \ \ \ \
( ( )\___ | '_ | '_| | '_ \/ _` | \ \ \ \
 \\/  ___)| |_)| | | | | || (_| |  ) ) ) )
  '  |____| .__|_| |_|_| |_\__, | / / / /
 =========|_|==============|___/=/_/_/_/
 :: Spring Boot ::        (v2.1.3.RELEASE)

2019-04-15 15:21:02.050  INFO 7056 --- [           main] reservations.ReservationApplicationTest  : Starting ReservationApplicationTest on LAPTOP-0AUPKKC1 with PID 7056 (started by sonja in C:\Users\sonja\NetBeansProjects\mooc-web-palvelinohjelmointi-java-19\osa05-Osa05_06.Reservations)
2019-04-15 15:21:02.051  INFO 7056 --- [           main] reservations.ReservationApplicationTest  : The following profiles are active: test
2019-04-15 15:21:02.971  INFO 7056 --- [           main] .s.d.r.c.RepositoryConfigurationDelegate : Bootstrapping Spring Data repositories in DEFAULT mode.
2019-04-15 15:21:03.075  INFO 7056 --- [           main] .s.d.r.c.RepositoryConfigurationDelegate : Finished Spring Data repository scanning in 95ms. Found 2 repository interfaces.
2019-04-15 15:21:03.532  INFO 7056 --- [           main] trationDelegate$BeanPostProcessorChecker : Bean 'org.springframework.transaction.annotation.ProxyTransactionManagementConfiguration' of type [org.springframework.transaction.annotation.ProxyTransactionManagementConfiguration$$EnhancerBySpringCGLIB$$fc06b659] is not eligible for getting processed by all BeanPostProcessors (for example: not eligible for auto-proxying)
2019-04-15 15:21:04.147  INFO 7056 --- [           main] o.s.b.w.embedded.tomcat.TomcatWebServer  : Tomcat initialized with port(s): 0 (http)
2019-04-15 15:21:04.173  INFO 7056 --- [           main] o.apache.catalina.core.StandardService   : Starting service [Tomcat]
2019-04-15 15:21:04.174  INFO 7056 --- [           main] org.apache.catalina.core.StandardEngine  : Starting Servlet engine: [Apache Tomcat/9.0.16]
2019-04-15 15:21:04.184  INFO 7056 --- [           main] o.a.catalina.core.AprLifecycleListener   : The APR based Apache Tomcat Native library which allows optimal performance in production environments was not found on the java.library.path: [C:\Program Files\Java\jdk1.8.0_191\jre\bin;C:\WINDOWS\Sun\Java\bin;C:\WINDOWS\system32;C:\WINDOWS;C:\Program Files (x86)\Common Files\Oracle\Java\javapath;C:\Program Files (x86)\Intel\Intel(R) Management Engine Components\iCLS\;C:\Program Files\Intel\Intel(R) Management Engine Components\iCLS\;C:\Windows\system32;C:\Windows;C:\Windows\System32\Wbem;C:\Windows\System32\WindowsPowerShell\v1.0\;C:\Program Files (x86)\Intel\Intel(R) Management Engine Components\DAL;C:\Program Files\Intel\Intel(R) Management Engine Components\DAL;C:\Program Files (x86)\Intel\Intel(R) Management Engine Components\IPT;C:\Program Files\Intel\Intel(R) Management Engine Components\IPT;C:\Program Files (x86)\NVIDIA Corporation\PhysX\Common;C:\Program Files\Intel\WiFi\bin\;C:\Program Files\Common Files\Intel\WirelessCommon\;C:\WINDOWS\system32;C:\WINDOWS;C:\WINDOWS\System32\Wbem;C:\WINDOWS\System32\WindowsPowerShell\v1.0\;C:\WINDOWS\System32\OpenSSH\;C:\Program Files\leJOS EV3\bin;C:\Program Files\nodejs\;C:\Program Files\PuTTY\;C:\Program Files\Git\cmd;C:\Users\sonja\AppData\Local\Microsoft\WindowsApps;C:\Users\sonja\AppData\Roaming\npm;C:\Program Files\JetBrains\PhpStorm 2018.3.5\bin;C:\Users\sonja\AppData\Local\Programs\Microsoft VS Code\bin;C:\Users\sonja\AppData\Local\GitHubDesktop\bin;.]
2019-04-15 15:21:04.314  INFO 7056 --- [           main] o.a.c.c.C.[Tomcat].[localhost].[/]       : Initializing Spring embedded WebApplicationContext
2019-04-15 15:21:04.314  INFO 7056 --- [           main] o.s.web.context.ContextLoader            : Root WebApplicationContext: initialization completed in 2231 ms
2019-04-15 15:21:04.612  INFO 7056 --- [           main] com.zaxxer.hikari.HikariDataSource       : HikariPool-1 - Starting...
2019-04-15 15:21:04.795  INFO 7056 --- [           main] com.zaxxer.hikari.HikariDataSource       : HikariPool-1 - Start completed.
2019-04-15 15:21:04.904  INFO 7056 --- [           main] o.hibernate.jpa.internal.util.LogHelper  : HHH000204: Processing PersistenceUnitInfo [
	name: default
	...]
2019-04-15 15:21:05.010  INFO 7056 --- [           main] org.hibernate.Version                    : HHH000412: Hibernate Core {5.3.7.Final}
2019-04-15 15:21:05.012  INFO 7056 --- [           main] org.hibernate.cfg.Environment            : HHH000206: hibernate.properties not found
2019-04-15 15:21:05.218  INFO 7056 --- [           main] o.hibernate.annotations.common.Version   : HCANN000001: Hibernate Commons Annotations {5.0.4.Final}
2019-04-15 15:21:05.401  INFO 7056 --- [           main] org.hibernate.dialect.Dialect            : HHH000400: Using dialect: org.hibernate.dialect.H2Dialect
Hibernate: create table account (id bigint not null, password varchar(255), username varchar(255), primary key (id))
Hibernate: create table reservation (id bigint not null, reservation_from date, reservation_to date, user_id bigint, primary key (id))
Hibernate: create sequence hibernate_sequence start with 1 increment by 1
Hibernate: alter table reservation add constraint FKcssy6bgf09kpwavrvyphe0qhf foreign key (user_id) references account
2019-04-15 15:21:06.200  INFO 7056 --- [           main] j.LocalContainerEntityManagerFactoryBean : Initialized JPA EntityManagerFactory for persistence unit 'default'
2019-04-15 15:21:07.135  INFO 7056 --- [           main] o.h.h.i.QueryTranslatorFactoryInitiator  : HHH000397: Using ASTQueryTranslatorFactory
Hibernate: select account0_.id as id1_0_, account0_.password as password2_0_, account0_.username as username3_0_ from account account0_ where account0_.username=?
Hibernate: call next value for hibernate_sequence
Hibernate: insert into account (password, username, id) values (?, ?, ?)
2019-04-15 15:21:07.768  INFO 7056 --- [           main] o.s.s.web.DefaultSecurityFilterChain     : Creating filter chain: any request, [org.springframework.security.web.context.request.async.WebAsyncManagerIntegrationFilter@2a075e70, org.springframework.security.web.context.SecurityContextPersistenceFilter@681d704e, org.springframework.security.web.header.HeaderWriterFilter@21540255, org.springframework.security.web.authentication.logout.LogoutFilter@338a4c61, org.springframework.security.web.authentication.UsernamePasswordAuthenticationFilter@21c34bf8, org.springframework.security.web.authentication.ui.DefaultLoginPageGeneratingFilter@2b6fcca1, org.springframework.security.web.authentication.ui.DefaultLogoutPageGeneratingFilter@492c9892, org.springframework.security.web.savedrequest.RequestCacheAwareFilter@3c3ab672, org.springframework.security.web.servletapi.SecurityContextHolderAwareRequestFilter@50785f86, org.springframework.security.web.authentication.AnonymousAuthenticationFilter@533e2f4, org.springframework.security.web.session.SessionManagementFilter@1c8e8fed, org.springframework.security.web.access.ExceptionTranslationFilter@2152fde5, org.springframework.security.web.access.intercept.FilterSecurityInterceptor@149b53fa]
2019-04-15 15:21:08.204  INFO 7056 --- [           main] o.s.s.concurrent.ThreadPoolTaskExecutor  : Initializing ExecutorService 'applicationTaskExecutor'
2019-04-15 15:21:08.284  WARN 7056 --- [           main] aWebConfiguration$JpaWebMvcConfiguration : spring.jpa.open-in-view is enabled by default. Therefore, database queries may be performed during view rendering. Explicitly configure spring.jpa.open-in-view to disable this warning
2019-04-15 15:21:09.232  INFO 7056 --- [           main] o.s.b.w.embedded.tomcat.TomcatWebServer  : Tomcat started on port(s): 49323 (http) with context path ''
2019-04-15 15:21:09.235  INFO 7056 --- [           main] reservations.ReservationApplicationTest  : Started ReservationApplicationTest in 7.483 seconds (JVM running for 8.512)
Hibernate: select reservatio0_.id as id1_1_, reservatio0_.reservation_from as reservat2_1_, reservatio0_.reservation_to as reservat3_1_, reservatio0_.user_id as user_id4_1_ from reservation reservatio0_
2019-04-15 15:21:10.565  INFO 7056 --- [o-auto-1-exec-1] o.a.c.c.C.[Tomcat].[localhost].[/]       : Initializing Spring DispatcherServlet 'dispatcherServlet'
2019-04-15 15:21:10.565  INFO 7056 --- [o-auto-1-exec-1] o.s.web.servlet.DispatcherServlet        : Initializing Servlet 'dispatcherServlet'
2019-04-15 15:21:10.594  INFO 7056 --- [o-auto-1-exec-1] o.s.web.servlet.DispatcherServlet        : Completed initialization in 28 ms
]]></system-out>
  </testcase>
  <testcase name="canNotAddReservationWithoutLoggingIn" classname="reservations.ReservationApplicationTest" time="0.103">
    <error message="com.gargoylesoftware.htmlunit.FailingHttpStatusCodeException: Too much redirect for http://localhost:49323/reservations&#10;Build info: version: &apos;3.14.0&apos;, revision: &apos;aacccce0&apos;, time: &apos;2018-08-02T20:19:58.91Z&apos;&#10;System info: host: &apos;LAPTOP-0AUPKKC1&apos;, ip: &apos;86.50.13.73&apos;, os.name: &apos;Windows 10&apos;, os.arch: &apos;amd64&apos;, os.version: &apos;10.0&apos;, java.version: &apos;1.8.0_191&apos;&#10;Driver info: driver.version: HtmlUnitDriver" type="org.openqa.selenium.WebDriverException">org.openqa.selenium.WebDriverException: 
com.gargoylesoftware.htmlunit.FailingHttpStatusCodeException: Too much redirect for http://localhost:49323/reservations
Build info: version: '3.14.0', revision: 'aacccce0', time: '2018-08-02T20:19:58.91Z'
System info: host: 'LAPTOP-0AUPKKC1', ip: '86.50.13.73', os.name: 'Windows 10', os.arch: 'amd64', os.version: '10.0', java.version: '1.8.0_191'
Driver info: driver.version: HtmlUnitDriver
Caused by: com.gargoylesoftware.htmlunit.FailingHttpStatusCodeException: Too much redirect for http://localhost:49323/reservations
</error>
    <system-out><![CDATA[Hibernate: select reservatio0_.id as id1_1_, reservatio0_.reservation_from as reservat2_1_, reservatio0_.reservation_to as reservat3_1_, reservatio0_.user_id as user_id4_1_ from reservation reservatio0_
]]></system-out>
  </testcase>
</testsuite>