<?xml version="1.0" encoding="UTF-8"?>
<testsuite xmlns:xsi="http://www.w3.org/2001/XMLSchema-instance" xsi:noNamespaceSchemaLocation="https://maven.apache.org/surefire/maven-surefire-plugin/xsd/surefire-test-report.xsd" name="simplebanking.SimpleBankingTest" time="8.596" tests="3" errors="0" skipped="0" failures="3">
  <properties>
[...]
</properties>
  <testcase name="canAddClientWithAccount" classname="simplebanking.SimpleBankingTest" time="1.98">
    <failure message="&#10;Expecting:&#10; &lt;&quot;&lt;?xml version=&quot;1.0&quot; encoding=&quot;UTF-8&quot;?&gt;&#10;&lt;html xmlns=&quot;http://www.w3.org/1999/xhtml&quot;&gt;&#10;  &lt;head&gt;&#10;    &lt;title&gt;&#10;      Clients and their accounts&#10;    &lt;/title&gt;&#10;  &lt;/head&gt;&#10;  &lt;body&gt;&#10;    &lt;h1&gt;&#10;      Simple Banking&#10;    &lt;/h1&gt;&#10;    &lt;table&gt;&#10;      &lt;thead&gt;&#10;        &lt;tr&gt;&#10;          &lt;th&gt;&#10;            Client name&#10;          &lt;/th&gt;&#10;          &lt;th&gt;&#10;            Account name&#10;          &lt;/th&gt;&#10;          &lt;th&gt;&#10;            Balance&#10;          &lt;/th&gt;&#10;        &lt;/tr&gt;&#10;      &lt;/thead&gt;&#10;      &lt;tbody&gt;&#10;      &lt;/tbody&gt;&#10;    &lt;/table&gt;&#10;    &lt;h2&gt;&#10;      Add an account to a client&#10;    &lt;/h2&gt;&#10;    &lt;p&gt;&#10;      If the account does not exist, it will be created.&#10;    &lt;/p&gt;&#10;    &lt;form action=&quot;/&quot; method=&quot;POST&quot;&gt;&#10;      &lt;span&gt;&#10;        Client name:&#10;      &lt;/span&gt;&#10;      &lt;br/&gt;&#10;      &lt;input type=&quot;text&quot; name=&quot;name&quot;/&gt;&#10;      &lt;br/&gt;&#10;      &lt;span&gt;&#10;        Account iban:&#10;      &lt;/span&gt;&#10;      &lt;br/&gt;&#10;      &lt;input type=&quot;text&quot; name=&quot;iban&quot;/&gt;&#10;      &lt;br/&gt;&#10;      &lt;input type=&quot;submit&quot; value=&quot;Add!&quot;/&gt;&#10;    &lt;/form&gt;&#10;  &lt;/body&gt;&#10;&lt;/html&gt;&#10;&quot;&gt;&#10;to contain:&#10; &lt;&quot;Client: f3c6cd&quot;&gt; " type="java.lang.AssertionError"><![CDATA[java.lang.AssertionError: 

Expecting:
 <"<?xml version="1.0" encoding="UTF-8"?>
<html xmlns="http://www.w3.org/1999/xhtml">
  <head>
    <title>
      Clients and their accounts
    </title>
  </head>
  <body>
    <h1>
      Simple Banking
    </h1>
    <table>
      <thead>
        <tr>
          <th>
            Client name
          </th>
          <th>
            Account name
          </th>
          <th>
            Balance
          </th>
        </tr>
      </thead>
      <tbody>
      </tbody>
    </table>
    <h2>
      Add an account to a client
    </h2>
    <p>
      If the account does not exist, it will be created.
    </p>
    <form action="/" method="POST">
      <span>
        Client name:
      </span>
      <br/>
      <input type="text" name="name"/>
      <br/>
      <span>
        Account iban:
      </span>
      <br/>
      <input type="text" name="iban"/>
      <br/>
      <input type="submit" value="Add!"/>
    </form>
  </body>
</html>
">
to contain:
 <"Client: f3c6cd"> 
	at simplebanking.SimpleBankingTest.addAccountToClient(SimpleBankingTest.java:95)
	at simplebanking.SimpleBankingTest.addClientAndAccount(SimpleBankingTest.java:82)
	at simplebanking.SimpleBankingTest.canAddClientWithAccount(SimpleBankingTest.java:37)
]]></failure>
    <system-out><![CDATA[15:28:00.359 [main] DEBUG org.springframework.test.context.junit4.SpringJUnit4ClassRunner - SpringJUnit4ClassRunner constructor called with [class simplebanking.SimpleBankingTest]
15:28:00.365 [main] DEBUG org.springframework.test.context.BootstrapUtils - Instantiating CacheAwareContextLoaderDelegate from class [org.springframework.test.context.cache.DefaultCacheAwareContextLoaderDelegate]
15:28:00.373 [main] DEBUG org.springframework.test.context.BootstrapUtils - Instantiating BootstrapContext using constructor [public org.springframework.test.context.support.DefaultBootstrapContext(java.lang.Class,org.springframework.test.context.CacheAwareContextLoaderDelegate)]
15:28:00.390 [main] DEBUG org.springframework.test.context.BootstrapUtils - Instantiating TestContextBootstrapper for test class [simplebanking.SimpleBankingTest] from class [org.springframework.boot.test.context.SpringBootTestContextBootstrapper]
15:28:00.409 [main] INFO org.springframework.boot.test.context.SpringBootTestContextBootstrapper - Neither @ContextConfiguration nor @ContextHierarchy found for test class [simplebanking.SimpleBankingTest], using SpringBootContextLoader
15:28:00.412 [main] DEBUG org.springframework.test.context.support.AbstractContextLoader - Did not detect default resource location for test class [simplebanking.SimpleBankingTest]: class path resource [simplebanking/SimpleBankingTest-context.xml] does not exist
15:28:00.413 [main] DEBUG org.springframework.test.context.support.AbstractContextLoader - Did not detect default resource location for test class [simplebanking.SimpleBankingTest]: class path resource [simplebanking/SimpleBankingTestContext.groovy] does not exist
15:28:00.413 [main] INFO org.springframework.test.context.support.AbstractContextLoader - Could not detect default resource locations for test class [simplebanking.SimpleBankingTest]: no resource found for suffixes {-context.xml, Context.groovy}.
15:28:00.414 [main] INFO org.springframework.test.context.support.AnnotationConfigContextLoaderUtils - Could not detect default configuration classes for test class [simplebanking.SimpleBankingTest]: SimpleBankingTest does not declare any static, non-private, non-final, nested classes annotated with @Configuration.
15:28:00.535 [main] DEBUG org.springframework.context.annotation.ClassPathScanningCandidateComponentProvider - Identified candidate component class: file [C:\Users\sonja\NetBeansProjects\mooc-web-palvelinohjelmointi-java-19\osa03-Osa03_02.SimpleBanking\target\classes\simplebanking\SimpleBankingApplication.class]
15:28:00.536 [main] INFO org.springframework.boot.test.context.SpringBootTestContextBootstrapper - Found @SpringBootConfiguration simplebanking.SimpleBankingApplication for test class simplebanking.SimpleBankingTest
15:28:00.627 [main] DEBUG org.springframework.boot.test.context.SpringBootTestContextBootstrapper - @TestExecutionListeners is not present for class [simplebanking.SimpleBankingTest]: using defaults.
15:28:00.628 [main] INFO org.springframework.boot.test.context.SpringBootTestContextBootstrapper - Loaded default TestExecutionListener class names from location [META-INF/spring.factories]: [org.springframework.boot.test.mock.mockito.MockitoTestExecutionListener, org.springframework.boot.test.mock.mockito.ResetMocksTestExecutionListener, org.springframework.boot.test.autoconfigure.restdocs.RestDocsTestExecutionListener, org.springframework.boot.test.autoconfigure.web.client.MockRestServiceServerResetTestExecutionListener, org.springframework.boot.test.autoconfigure.web.servlet.MockMvcPrintOnlyOnFailureTestExecutionListener, org.springframework.boot.test.autoconfigure.web.servlet.WebDriverTestExecutionListener, org.springframework.test.context.web.ServletTestExecutionListener, org.springframework.test.context.support.DirtiesContextBeforeModesTestExecutionListener, org.springframework.test.context.support.DependencyInjectionTestExecutionListener, org.springframework.test.context.support.DirtiesContextTestExecutionListener, org.springframework.test.context.transaction.TransactionalTestExecutionListener, org.springframework.test.context.jdbc.SqlScriptsTestExecutionListener]
15:28:00.645 [main] INFO org.springframework.boot.test.context.SpringBootTestContextBootstrapper - Using TestExecutionListeners: [org.springframework.test.context.web.ServletTestExecutionListener@2b4bac49, org.springframework.test.context.support.DirtiesContextBeforeModesTestExecutionListener@fd07cbb, org.springframework.boot.test.mock.mockito.MockitoTestExecutionListener@3571b748, org.springframework.boot.test.autoconfigure.SpringBootDependencyInjectionTestExecutionListener@3e96bacf, org.springframework.test.context.support.DirtiesContextTestExecutionListener@484970b0, org.springframework.test.context.transaction.TransactionalTestExecutionListener@4470f8a6, org.springframework.test.context.jdbc.SqlScriptsTestExecutionListener@7c83dc97, org.springframework.boot.test.mock.mockito.ResetMocksTestExecutionListener@7748410a, org.springframework.boot.test.autoconfigure.restdocs.RestDocsTestExecutionListener@740773a3, org.springframework.boot.test.autoconfigure.web.client.MockRestServiceServerResetTestExecutionListener@37f1104d, org.springframework.boot.test.autoconfigure.web.servlet.MockMvcPrintOnlyOnFailureTestExecutionListener@55740540, org.springframework.boot.test.autoconfigure.web.servlet.WebDriverTestExecutionListener@60015ef5]
15:28:00.647 [main] DEBUG org.springframework.test.annotation.ProfileValueUtils - Retrieved @ProfileValueSourceConfiguration [null] for test class [simplebanking.SimpleBankingTest]
15:28:00.647 [main] DEBUG org.springframework.test.annotation.ProfileValueUtils - Retrieved ProfileValueSource type [class org.springframework.test.annotation.SystemProfileValueSource] for class [simplebanking.SimpleBankingTest]
15:28:00.649 [main] DEBUG org.springframework.test.annotation.ProfileValueUtils - Retrieved @ProfileValueSourceConfiguration [null] for test class [simplebanking.SimpleBankingTest]
15:28:00.649 [main] DEBUG org.springframework.test.annotation.ProfileValueUtils - Retrieved ProfileValueSource type [class org.springframework.test.annotation.SystemProfileValueSource] for class [simplebanking.SimpleBankingTest]
15:28:00.650 [main] DEBUG org.springframework.test.annotation.ProfileValueUtils - Retrieved @ProfileValueSourceConfiguration [null] for test class [simplebanking.SimpleBankingTest]
15:28:00.650 [main] DEBUG org.springframework.test.annotation.ProfileValueUtils - Retrieved ProfileValueSource type [class org.springframework.test.annotation.SystemProfileValueSource] for class [simplebanking.SimpleBankingTest]
15:28:00.651 [main] DEBUG org.springframework.test.annotation.ProfileValueUtils - Retrieved @ProfileValueSourceConfiguration [null] for test class [simplebanking.SimpleBankingTest]
15:28:00.651 [main] DEBUG org.springframework.test.annotation.ProfileValueUtils - Retrieved ProfileValueSource type [class org.springframework.test.annotation.SystemProfileValueSource] for class [simplebanking.SimpleBankingTest]
15:28:00.654 [main] DEBUG org.springframework.test.context.support.AbstractDirtiesContextTestExecutionListener - Before test class: context [DefaultTestContext@53aad5d5 testClass = SimpleBankingTest, testInstance = [null], testMethod = [null], testException = [null], mergedContextConfiguration = [WebMergedContextConfiguration@46fa7c39 testClass = SimpleBankingTest, locations = '{}', classes = '{class simplebanking.SimpleBankingApplication}', contextInitializerClasses = '[]', activeProfiles = '{test}', propertySourceLocations = '{}', propertySourceProperties = '{org.springframework.boot.test.context.SpringBootTestContextBootstrapper=true, server.port=0}', contextCustomizers = set[org.springframework.boot.test.context.filter.ExcludeFilterContextCustomizer@4d49af10, org.springframework.boot.test.json.DuplicateJsonObjectContextCustomizerFactory$DuplicateJsonObjectContextCustomizer@4450d156, org.springframework.boot.test.mock.mockito.MockitoContextCustomizer@0, org.springframework.boot.test.web.client.TestRestTemplateContextCustomizer@4d826d77, org.springframework.boot.test.autoconfigure.properties.PropertyMappingContextCustomizer@0, org.springframework.boot.test.autoconfigure.web.servlet.WebDriverContextCustomizerFactory$Customizer@52aa2946], resourceBasePath = 'src/main/webapp', contextLoader = 'org.springframework.boot.test.context.SpringBootContextLoader', parent = [null]], attributes = map['org.springframework.test.context.web.ServletTestExecutionListener.activateListener' -> false]], class annotated with @DirtiesContext [false] with mode [null].
15:28:00.655 [main] DEBUG org.springframework.test.annotation.ProfileValueUtils - Retrieved @ProfileValueSourceConfiguration [null] for test class [simplebanking.SimpleBankingTest]
15:28:00.655 [main] DEBUG org.springframework.test.annotation.ProfileValueUtils - Retrieved ProfileValueSource type [class org.springframework.test.annotation.SystemProfileValueSource] for class [simplebanking.SimpleBankingTest]
15:28:00.726 [main] DEBUG org.springframework.test.context.support.DependencyInjectionTestExecutionListener - Performing dependency injection for test context [[DefaultTestContext@53aad5d5 testClass = SimpleBankingTest, testInstance = simplebanking.SimpleBankingTest@75d3a5e0, testMethod = [null], testException = [null], mergedContextConfiguration = [WebMergedContextConfiguration@46fa7c39 testClass = SimpleBankingTest, locations = '{}', classes = '{class simplebanking.SimpleBankingApplication}', contextInitializerClasses = '[]', activeProfiles = '{test}', propertySourceLocations = '{}', propertySourceProperties = '{org.springframework.boot.test.context.SpringBootTestContextBootstrapper=true, server.port=0}', contextCustomizers = set[org.springframework.boot.test.context.filter.ExcludeFilterContextCustomizer@4d49af10, org.springframework.boot.test.json.DuplicateJsonObjectContextCustomizerFactory$DuplicateJsonObjectContextCustomizer@4450d156, org.springframework.boot.test.mock.mockito.MockitoContextCustomizer@0, org.springframework.boot.test.web.client.TestRestTemplateContextCustomizer@4d826d77, org.springframework.boot.test.autoconfigure.properties.PropertyMappingContextCustomizer@0, org.springframework.boot.test.autoconfigure.web.servlet.WebDriverContextCustomizerFactory$Customizer@52aa2946], resourceBasePath = 'src/main/webapp', contextLoader = 'org.springframework.boot.test.context.SpringBootContextLoader', parent = [null]], attributes = map['org.springframework.test.context.web.ServletTestExecutionListener.activateListener' -> false]]].
15:28:00.756 [main] DEBUG org.springframework.test.context.support.TestPropertySourceUtils - Adding inlined properties to environment: {spring.jmx.enabled=false, org.springframework.boot.test.context.SpringBootTestContextBootstrapper=true, server.port=0}

  .   ____          _            __ _ _
 /\\ / ___'_ __ _ _(_)_ __  __ _ \ \ \ \
( ( )\___ | '_ | '_| | '_ \/ _` | \ \ \ \
 \\/  ___)| |_)| | | | | || (_| |  ) ) ) )
  '  |____| .__|_| |_|_| |_\__, | / / / /
 =========|_|==============|___/=/_/_/_/
 :: Spring Boot ::        (v2.1.3.RELEASE)

2019-03-23 15:28:01.052  INFO 2676 --- [           main] simplebanking.SimpleBankingTest          : Starting SimpleBankingTest on LAPTOP-0AUPKKC1 with PID 2676 (started by sonja in C:\Users\sonja\NetBeansProjects\mooc-web-palvelinohjelmointi-java-19\osa03-Osa03_02.SimpleBanking)
2019-03-23 15:28:01.052  INFO 2676 --- [           main] simplebanking.SimpleBankingTest          : The following profiles are active: test
2019-03-23 15:28:01.749  INFO 2676 --- [           main] .s.d.r.c.RepositoryConfigurationDelegate : Bootstrapping Spring Data repositories in DEFAULT mode.
2019-03-23 15:28:01.829  INFO 2676 --- [           main] .s.d.r.c.RepositoryConfigurationDelegate : Finished Spring Data repository scanning in 73ms. Found 2 repository interfaces.
2019-03-23 15:28:02.241  INFO 2676 --- [           main] trationDelegate$BeanPostProcessorChecker : Bean 'org.springframework.transaction.annotation.ProxyTransactionManagementConfiguration' of type [org.springframework.transaction.annotation.ProxyTransactionManagementConfiguration$$EnhancerBySpringCGLIB$$2581bff4] is not eligible for getting processed by all BeanPostProcessors (for example: not eligible for auto-proxying)
2019-03-23 15:28:02.813  INFO 2676 --- [           main] o.s.b.w.embedded.tomcat.TomcatWebServer  : Tomcat initialized with port(s): 0 (http)
2019-03-23 15:28:02.840  INFO 2676 --- [           main] o.apache.catalina.core.StandardService   : Starting service [Tomcat]
2019-03-23 15:28:02.840  INFO 2676 --- [           main] org.apache.catalina.core.StandardEngine  : Starting Servlet engine: [Apache Tomcat/9.0.16]
2019-03-23 15:28:02.851  INFO 2676 --- [           main] o.a.catalina.core.AprLifecycleListener   : The APR based Apache Tomcat Native library which allows optimal performance in production environments was not found on the java.library.path: [C:\Program Files\Java\jdk1.8.0_191\jre\bin;C:\WINDOWS\Sun\Java\bin;C:\WINDOWS\system32;C:\WINDOWS;C:\Program Files (x86)\Common Files\Oracle\Java\javapath;C:\Program Files (x86)\Intel\Intel(R) Management Engine Components\iCLS\;C:\Program Files\Intel\Intel(R) Management Engine Components\iCLS\;C:\Windows\system32;C:\Windows;C:\Windows\System32\Wbem;C:\Windows\System32\WindowsPowerShell\v1.0\;C:\Program Files (x86)\Intel\Intel(R) Management Engine Components\DAL;C:\Program Files\Intel\Intel(R) Management Engine Components\DAL;C:\Program Files (x86)\Intel\Intel(R) Management Engine Components\IPT;C:\Program Files\Intel\Intel(R) Management Engine Components\IPT;C:\Program Files (x86)\NVIDIA Corporation\PhysX\Common;C:\Program Files\Intel\WiFi\bin\;C:\Program Files\Common Files\Intel\WirelessCommon\;C:\WINDOWS\system32;C:\WINDOWS;C:\WINDOWS\System32\Wbem;C:\WINDOWS\System32\WindowsPowerShell\v1.0\;C:\WINDOWS\System32\OpenSSH\;C:\Program Files\leJOS EV3\bin;C:\Program Files\nodejs\;C:\Program Files\PuTTY\;C:\Program Files (x86)\GitExtensions\;C:\Program Files\Git\cmd;C:\Users\sonja\AppData\Local\Microsoft\WindowsApps;C:\Users\sonja\AppData\Roaming\npm;C:\Program Files\JetBrains\PhpStorm 2018.3.5\bin;;C:\Users\sonja\AppData\Local\Programs\Microsoft VS Code\bin;.]
2019-03-23 15:28:02.968  INFO 2676 --- [           main] o.a.c.c.C.[Tomcat].[localhost].[/]       : Initializing Spring embedded WebApplicationContext
2019-03-23 15:28:02.968  INFO 2676 --- [           main] o.s.web.context.ContextLoader            : Root WebApplicationContext: initialization completed in 1895 ms
2019-03-23 15:28:03.219  INFO 2676 --- [           main] com.zaxxer.hikari.HikariDataSource       : HikariPool-1 - Starting...
2019-03-23 15:28:03.377  INFO 2676 --- [           main] com.zaxxer.hikari.HikariDataSource       : HikariPool-1 - Start completed.
2019-03-23 15:28:03.456  INFO 2676 --- [           main] o.hibernate.jpa.internal.util.LogHelper  : HHH000204: Processing PersistenceUnitInfo [
	name: default
	...]
2019-03-23 15:28:03.543  INFO 2676 --- [           main] org.hibernate.Version                    : HHH000412: Hibernate Core {5.3.7.Final}
2019-03-23 15:28:03.546  INFO 2676 --- [           main] org.hibernate.cfg.Environment            : HHH000206: hibernate.properties not found
2019-03-23 15:28:03.752  INFO 2676 --- [           main] o.hibernate.annotations.common.Version   : HCANN000001: Hibernate Commons Annotations {5.0.4.Final}
2019-03-23 15:28:03.938  INFO 2676 --- [           main] org.hibernate.dialect.Dialect            : HHH000400: Using dialect: org.hibernate.dialect.H2Dialect
2019-03-23 15:28:04.670  INFO 2676 --- [           main] j.LocalContainerEntityManagerFactoryBean : Initialized JPA EntityManagerFactory for persistence unit 'default'
2019-03-23 15:28:05.662  INFO 2676 --- [           main] o.s.s.concurrent.ThreadPoolTaskExecutor  : Initializing ExecutorService 'applicationTaskExecutor'
2019-03-23 15:28:05.732  WARN 2676 --- [           main] aWebConfiguration$JpaWebMvcConfiguration : spring.jpa.open-in-view is enabled by default. Therefore, database queries may be performed during view rendering. Explicitly configure spring.jpa.open-in-view to disable this warning
2019-03-23 15:28:05.957  INFO 2676 --- [           main] o.s.b.a.w.s.WelcomePageHandlerMapping    : Adding welcome page template: index
2019-03-23 15:28:06.558  INFO 2676 --- [           main] o.s.b.w.embedded.tomcat.TomcatWebServer  : Tomcat started on port(s): 53389 (http) with context path ''
2019-03-23 15:28:06.561  INFO 2676 --- [           main] simplebanking.SimpleBankingTest          : Started SimpleBankingTest in 5.803 seconds (JVM running for 6.806)
2019-03-23 15:28:07.636  INFO 2676 --- [o-auto-1-exec-1] o.a.c.c.C.[Tomcat].[localhost].[/]       : Initializing Spring DispatcherServlet 'dispatcherServlet'
2019-03-23 15:28:07.636  INFO 2676 --- [o-auto-1-exec-1] o.s.web.servlet.DispatcherServlet        : Initializing Servlet 'dispatcherServlet'
2019-03-23 15:28:07.665  INFO 2676 --- [o-auto-1-exec-1] o.s.web.servlet.DispatcherServlet        : Completed initialization in 29 ms
2019-03-23 15:28:07.747  INFO 2676 --- [o-auto-1-exec-1] o.h.h.i.QueryTranslatorFactoryInitiator  : HHH000397: Using ASTQueryTranslatorFactory
]]></system-out>
  </testcase>
  <testcase name="clientWithSameNameStoredOnlyOnce" classname="simplebanking.SimpleBankingTest" time="0.09">
    <failure message="&#10;Expecting:&#10; &lt;&quot;&lt;?xml version=&quot;1.0&quot; encoding=&quot;UTF-8&quot;?&gt;&#10;&lt;html xmlns=&quot;http://www.w3.org/1999/xhtml&quot;&gt;&#10;  &lt;head&gt;&#10;    &lt;title&gt;&#10;      Clients and their accounts&#10;    &lt;/title&gt;&#10;  &lt;/head&gt;&#10;  &lt;body&gt;&#10;    &lt;h1&gt;&#10;      Simple Banking&#10;    &lt;/h1&gt;&#10;    &lt;table&gt;&#10;      &lt;thead&gt;&#10;        &lt;tr&gt;&#10;          &lt;th&gt;&#10;            Client name&#10;          &lt;/th&gt;&#10;          &lt;th&gt;&#10;            Account name&#10;          &lt;/th&gt;&#10;          &lt;th&gt;&#10;            Balance&#10;          &lt;/th&gt;&#10;        &lt;/tr&gt;&#10;      &lt;/thead&gt;&#10;      &lt;tbody&gt;&#10;      &lt;/tbody&gt;&#10;      &lt;tbody&gt;&#10;      &lt;/tbody&gt;&#10;    &lt;/table&gt;&#10;    &lt;h2&gt;&#10;      Add an account to a client&#10;    &lt;/h2&gt;&#10;    &lt;p&gt;&#10;      If the account does not exist, it will be created.&#10;    &lt;/p&gt;&#10;    &lt;form action=&quot;/&quot; method=&quot;POST&quot;&gt;&#10;      &lt;span&gt;&#10;        Client name:&#10;      &lt;/span&gt;&#10;      &lt;br/&gt;&#10;      &lt;input type=&quot;text&quot; name=&quot;name&quot;/&gt;&#10;      &lt;br/&gt;&#10;      &lt;span&gt;&#10;        Account iban:&#10;      &lt;/span&gt;&#10;      &lt;br/&gt;&#10;      &lt;input type=&quot;text&quot; name=&quot;iban&quot;/&gt;&#10;      &lt;br/&gt;&#10;      &lt;input type=&quot;submit&quot; value=&quot;Add!&quot;/&gt;&#10;    &lt;/form&gt;&#10;  &lt;/body&gt;&#10;&lt;/html&gt;&#10;&quot;&gt;&#10;to contain:&#10; &lt;&quot;Client: 6d9453&quot;&gt; " type="java.lang.AssertionError"><![CDATA[java.lang.AssertionError: 

Expecting:
 <"<?xml version="1.0" encoding="UTF-8"?>
<html xmlns="http://www.w3.org/1999/xhtml">
  <head>
    <title>
      Clients and their accounts
    </title>
  </head>
  <body>
    <h1>
      Simple Banking
    </h1>
    <table>
      <thead>
        <tr>
          <th>
            Client name
          </th>
          <th>
            Account name
          </th>
          <th>
            Balance
          </th>
        </tr>
      </thead>
      <tbody>
      </tbody>
      <tbody>
      </tbody>
    </table>
    <h2>
      Add an account to a client
    </h2>
    <p>
      If the account does not exist, it will be created.
    </p>
    <form action="/" method="POST">
      <span>
        Client name:
      </span>
      <br/>
      <input type="text" name="name"/>
      <br/>
      <span>
        Account iban:
      </span>
      <br/>
      <input type="text" name="iban"/>
      <br/>
      <input type="submit" value="Add!"/>
    </form>
  </body>
</html>
">
to contain:
 <"Client: 6d9453"> 
	at simplebanking.SimpleBankingTest.addAccountToClient(SimpleBankingTest.java:95)
	at simplebanking.SimpleBankingTest.addClientAndAccount(SimpleBankingTest.java:82)
	at simplebanking.SimpleBankingTest.lambda$addClientsAndAccounts$2(SimpleBankingTest.java:78)
	at simplebanking.SimpleBankingTest.addClientsAndAccounts(SimpleBankingTest.java:78)
	at simplebanking.SimpleBankingTest.clientWithSameNameStoredOnlyOnce(SimpleBankingTest.java:62)
]]></failure>
  </testcase>
  <testcase name="canAddMultipleClientsWithAccounts" classname="simplebanking.SimpleBankingTest" time="0.112">
    <failure message="&#10;Expecting:&#10; &lt;&quot;&lt;?xml version=&quot;1.0&quot; encoding=&quot;UTF-8&quot;?&gt;&#10;&lt;html xmlns=&quot;http://www.w3.org/1999/xhtml&quot;&gt;&#10;  &lt;head&gt;&#10;    &lt;title&gt;&#10;      Clients and their accounts&#10;    &lt;/title&gt;&#10;  &lt;/head&gt;&#10;  &lt;body&gt;&#10;    &lt;h1&gt;&#10;      Simple Banking&#10;    &lt;/h1&gt;&#10;    &lt;table&gt;&#10;      &lt;thead&gt;&#10;        &lt;tr&gt;&#10;          &lt;th&gt;&#10;            Client name&#10;          &lt;/th&gt;&#10;          &lt;th&gt;&#10;            Account name&#10;          &lt;/th&gt;&#10;          &lt;th&gt;&#10;            Balance&#10;          &lt;/th&gt;&#10;        &lt;/tr&gt;&#10;      &lt;/thead&gt;&#10;      &lt;tbody&gt;&#10;      &lt;/tbody&gt;&#10;      &lt;tbody&gt;&#10;      &lt;/tbody&gt;&#10;      &lt;tbody&gt;&#10;      &lt;/tbody&gt;&#10;    &lt;/table&gt;&#10;    &lt;h2&gt;&#10;      Add an account to a client&#10;    &lt;/h2&gt;&#10;    &lt;p&gt;&#10;      If the account does not exist, it will be created.&#10;    &lt;/p&gt;&#10;    &lt;form action=&quot;/&quot; method=&quot;POST&quot;&gt;&#10;      &lt;span&gt;&#10;        Client name:&#10;      &lt;/span&gt;&#10;      &lt;br/&gt;&#10;      &lt;input type=&quot;text&quot; name=&quot;name&quot;/&gt;&#10;      &lt;br/&gt;&#10;      &lt;span&gt;&#10;        Account iban:&#10;      &lt;/span&gt;&#10;      &lt;br/&gt;&#10;      &lt;input type=&quot;text&quot; name=&quot;iban&quot;/&gt;&#10;      &lt;br/&gt;&#10;      &lt;input type=&quot;submit&quot; value=&quot;Add!&quot;/&gt;&#10;    &lt;/form&gt;&#10;  &lt;/body&gt;&#10;&lt;/html&gt;&#10;&quot;&gt;&#10;to contain:&#10; &lt;&quot;Client: 1a3f39&quot;&gt; " type="java.lang.AssertionError"><![CDATA[java.lang.AssertionError: 

Expecting:
 <"<?xml version="1.0" encoding="UTF-8"?>
<html xmlns="http://www.w3.org/1999/xhtml">
  <head>
    <title>
      Clients and their accounts
    </title>
  </head>
  <body>
    <h1>
      Simple Banking
    </h1>
    <table>
      <thead>
        <tr>
          <th>
            Client name
          </th>
          <th>
            Account name
          </th>
          <th>
            Balance
          </th>
        </tr>
      </thead>
      <tbody>
      </tbody>
      <tbody>
      </tbody>
      <tbody>
      </tbody>
    </table>
    <h2>
      Add an account to a client
    </h2>
    <p>
      If the account does not exist, it will be created.
    </p>
    <form action="/" method="POST">
      <span>
        Client name:
      </span>
      <br/>
      <input type="text" name="name"/>
      <br/>
      <span>
        Account iban:
      </span>
      <br/>
      <input type="text" name="iban"/>
      <br/>
      <input type="submit" value="Add!"/>
    </form>
  </body>
</html>
">
to contain:
 <"Client: 1a3f39"> 
	at simplebanking.SimpleBankingTest.addAccountToClient(SimpleBankingTest.java:95)
	at simplebanking.SimpleBankingTest.addClientAndAccount(SimpleBankingTest.java:82)
	at simplebanking.SimpleBankingTest.lambda$addClientsAndAccounts$2(SimpleBankingTest.java:78)
	at simplebanking.SimpleBankingTest.addClientsAndAccounts(SimpleBankingTest.java:78)
	at simplebanking.SimpleBankingTest.canAddMultipleClientsWithAccounts(SimpleBankingTest.java:42)
]]></failure>
  </testcase>
</testsuite>