<?xml version="1.0" encoding="UTF-8"?>
<testsuite xmlns:xsi="http://www.w3.org/2001/XMLSchema-instance" xsi:noNamespaceSchemaLocation="https://maven.apache.org/surefire/maven-surefire-plugin/xsd/surefire-test-report.xsd" name="weatherservice.WeatherServiceTest" time="6.664" tests="5" errors="3" skipped="0" failures="1">
  <properties>
[...]
</properties>
  <testcase name="testLocationsCacheEvictedOnAddLocation" classname="weatherservice.WeatherServiceTest" time="0.874">
    <failure type="java.lang.AssertionError">java.lang.AssertionError
	at weatherservice.WeatherServiceTest.testLocationsCacheEvictedOnAddLocation(WeatherServiceTest.java:125)
</failure>
    <system-out><![CDATA[21:00:46.391 [main] DEBUG org.springframework.test.context.junit4.SpringJUnit4ClassRunner - SpringJUnit4ClassRunner constructor called with [class weatherservice.WeatherServiceTest]
21:00:46.397 [main] DEBUG org.springframework.test.context.BootstrapUtils - Instantiating CacheAwareContextLoaderDelegate from class [org.springframework.test.context.cache.DefaultCacheAwareContextLoaderDelegate]
21:00:46.408 [main] DEBUG org.springframework.test.context.BootstrapUtils - Instantiating BootstrapContext using constructor [public org.springframework.test.context.support.DefaultBootstrapContext(java.lang.Class,org.springframework.test.context.CacheAwareContextLoaderDelegate)]
21:00:46.437 [main] DEBUG org.springframework.test.context.BootstrapUtils - Instantiating TestContextBootstrapper for test class [weatherservice.WeatherServiceTest] from class [org.springframework.boot.test.context.SpringBootTestContextBootstrapper]
21:00:46.451 [main] INFO org.springframework.boot.test.context.SpringBootTestContextBootstrapper - Neither @ContextConfiguration nor @ContextHierarchy found for test class [weatherservice.WeatherServiceTest], using SpringBootContextLoader
21:00:46.455 [main] DEBUG org.springframework.test.context.support.AbstractContextLoader - Did not detect default resource location for test class [weatherservice.WeatherServiceTest]: class path resource [weatherservice/WeatherServiceTest-context.xml] does not exist
21:00:46.455 [main] DEBUG org.springframework.test.context.support.AbstractContextLoader - Did not detect default resource location for test class [weatherservice.WeatherServiceTest]: class path resource [weatherservice/WeatherServiceTestContext.groovy] does not exist
21:00:46.455 [main] INFO org.springframework.test.context.support.AbstractContextLoader - Could not detect default resource locations for test class [weatherservice.WeatherServiceTest]: no resource found for suffixes {-context.xml, Context.groovy}.
21:00:46.456 [main] INFO org.springframework.test.context.support.AnnotationConfigContextLoaderUtils - Could not detect default configuration classes for test class [weatherservice.WeatherServiceTest]: WeatherServiceTest does not declare any static, non-private, non-final, nested classes annotated with @Configuration.
21:00:46.632 [main] DEBUG org.springframework.context.annotation.ClassPathScanningCandidateComponentProvider - Identified candidate component class: file [C:\Users\sonja\NetBeansProjects\mooc-web-palvelinohjelmointi-java-19\osa07-Osa07_04.WeatherService\target\classes\weatherservice\WeatherServiceApplication.class]
21:00:46.634 [main] INFO org.springframework.boot.test.context.SpringBootTestContextBootstrapper - Found @SpringBootConfiguration weatherservice.WeatherServiceApplication for test class weatherservice.WeatherServiceTest
21:00:46.734 [main] DEBUG org.springframework.boot.test.context.SpringBootTestContextBootstrapper - @TestExecutionListeners is not present for class [weatherservice.WeatherServiceTest]: using defaults.
21:00:46.736 [main] INFO org.springframework.boot.test.context.SpringBootTestContextBootstrapper - Loaded default TestExecutionListener class names from location [META-INF/spring.factories]: [org.springframework.boot.test.mock.mockito.MockitoTestExecutionListener, org.springframework.boot.test.mock.mockito.ResetMocksTestExecutionListener, org.springframework.boot.test.autoconfigure.restdocs.RestDocsTestExecutionListener, org.springframework.boot.test.autoconfigure.web.client.MockRestServiceServerResetTestExecutionListener, org.springframework.boot.test.autoconfigure.web.servlet.MockMvcPrintOnlyOnFailureTestExecutionListener, org.springframework.boot.test.autoconfigure.web.servlet.WebDriverTestExecutionListener, org.springframework.test.context.web.ServletTestExecutionListener, org.springframework.test.context.support.DirtiesContextBeforeModesTestExecutionListener, org.springframework.test.context.support.DependencyInjectionTestExecutionListener, org.springframework.test.context.support.DirtiesContextTestExecutionListener, org.springframework.test.context.transaction.TransactionalTestExecutionListener, org.springframework.test.context.jdbc.SqlScriptsTestExecutionListener]
21:00:46.756 [main] INFO org.springframework.boot.test.context.SpringBootTestContextBootstrapper - Using TestExecutionListeners: [org.springframework.test.context.web.ServletTestExecutionListener@74e52ef6, org.springframework.test.context.support.DirtiesContextBeforeModesTestExecutionListener@6ed3ccb2, org.springframework.boot.test.mock.mockito.MockitoTestExecutionListener@1a677343, org.springframework.boot.test.autoconfigure.SpringBootDependencyInjectionTestExecutionListener@15de0b3c, org.springframework.test.context.support.DirtiesContextTestExecutionListener@489115ef, org.springframework.test.context.transaction.TransactionalTestExecutionListener@3857f613, org.springframework.test.context.jdbc.SqlScriptsTestExecutionListener@198b6731, org.springframework.boot.test.mock.mockito.ResetMocksTestExecutionListener@7c6908d7, org.springframework.boot.test.autoconfigure.restdocs.RestDocsTestExecutionListener@3c9754d8, org.springframework.boot.test.autoconfigure.web.client.MockRestServiceServerResetTestExecutionListener@3bf7ca37, org.springframework.boot.test.autoconfigure.web.servlet.MockMvcPrintOnlyOnFailureTestExecutionListener@79079097, org.springframework.boot.test.autoconfigure.web.servlet.WebDriverTestExecutionListener@4d1c00d0]
21:00:46.758 [main] DEBUG org.springframework.test.annotation.ProfileValueUtils - Retrieved @ProfileValueSourceConfiguration [null] for test class [weatherservice.WeatherServiceTest]
21:00:46.759 [main] DEBUG org.springframework.test.annotation.ProfileValueUtils - Retrieved ProfileValueSource type [class org.springframework.test.annotation.SystemProfileValueSource] for class [weatherservice.WeatherServiceTest]
21:00:46.760 [main] DEBUG org.springframework.test.annotation.ProfileValueUtils - Retrieved @ProfileValueSourceConfiguration [null] for test class [weatherservice.WeatherServiceTest]
21:00:46.760 [main] DEBUG org.springframework.test.annotation.ProfileValueUtils - Retrieved ProfileValueSource type [class org.springframework.test.annotation.SystemProfileValueSource] for class [weatherservice.WeatherServiceTest]
21:00:46.761 [main] DEBUG org.springframework.test.annotation.ProfileValueUtils - Retrieved @ProfileValueSourceConfiguration [null] for test class [weatherservice.WeatherServiceTest]
21:00:46.761 [main] DEBUG org.springframework.test.annotation.ProfileValueUtils - Retrieved ProfileValueSource type [class org.springframework.test.annotation.SystemProfileValueSource] for class [weatherservice.WeatherServiceTest]
21:00:46.766 [main] DEBUG org.springframework.test.context.support.AbstractDirtiesContextTestExecutionListener - Before test class: context [DefaultTestContext@4c178a76 testClass = WeatherServiceTest, testInstance = [null], testMethod = [null], testException = [null], mergedContextConfiguration = [WebMergedContextConfiguration@fa4c865 testClass = WeatherServiceTest, locations = '{}', classes = '{class weatherservice.WeatherServiceApplication}', contextInitializerClasses = '[]', activeProfiles = '{test}', propertySourceLocations = '{}', propertySourceProperties = '{org.springframework.boot.test.context.SpringBootTestContextBootstrapper=true}', contextCustomizers = set[[ImportsContextCustomizer@3bd82cf5 key = [org.springframework.boot.test.autoconfigure.web.servlet.MockMvcAutoConfiguration, org.springframework.boot.test.autoconfigure.web.servlet.MockMvcSecurityAutoConfiguration, org.springframework.boot.test.autoconfigure.web.servlet.MockMvcWebClientAutoConfiguration, org.springframework.boot.test.autoconfigure.web.servlet.MockMvcWebDriverAutoConfiguration]], org.springframework.boot.test.context.filter.ExcludeFilterContextCustomizer@71623278, org.springframework.boot.test.json.DuplicateJsonObjectContextCustomizerFactory$DuplicateJsonObjectContextCustomizer@15b3e5b, org.springframework.boot.test.mock.mockito.MockitoContextCustomizer@0, org.springframework.boot.test.web.client.TestRestTemplateContextCustomizer@1e4a7dd4, org.springframework.boot.test.autoconfigure.properties.PropertyMappingContextCustomizer@e7e8512, org.springframework.boot.test.autoconfigure.web.servlet.WebDriverContextCustomizerFactory$Customizer@2a40cd94], resourceBasePath = 'src/main/webapp', contextLoader = 'org.springframework.boot.test.context.SpringBootContextLoader', parent = [null]], attributes = map['org.springframework.test.context.web.ServletTestExecutionListener.activateListener' -> true]], class annotated with @DirtiesContext [false] with mode [null].
21:00:46.767 [main] DEBUG org.springframework.test.annotation.ProfileValueUtils - Retrieved @ProfileValueSourceConfiguration [null] for test class [weatherservice.WeatherServiceTest]
21:00:46.767 [main] DEBUG org.springframework.test.annotation.ProfileValueUtils - Retrieved ProfileValueSource type [class org.springframework.test.annotation.SystemProfileValueSource] for class [weatherservice.WeatherServiceTest]
21:00:46.800 [main] DEBUG org.springframework.test.context.support.TestPropertySourceUtils - Adding inlined properties to environment: {spring.jmx.enabled=false, org.springframework.boot.test.context.SpringBootTestContextBootstrapper=true, server.port=-1}

  .   ____          _            __ _ _
 /\\ / ___'_ __ _ _(_)_ __  __ _ \ \ \ \
( ( )\___ | '_ | '_| | '_ \/ _` | \ \ \ \
 \\/  ___)| |_)| | | | | || (_| |  ) ) ) )
  '  |____| .__|_| |_|_| |_\__, | / / / /
 =========|_|==============|___/=/_/_/_/
 :: Spring Boot ::        (v2.1.3.RELEASE)

2019-04-27 21:00:47.089  INFO 9636 --- [           main] weatherservice.WeatherServiceTest        : Starting WeatherServiceTest on LAPTOP-0AUPKKC1 with PID 9636 (started by sonja in C:\Users\sonja\NetBeansProjects\mooc-web-palvelinohjelmointi-java-19\osa07-Osa07_04.WeatherService)
2019-04-27 21:00:47.089  INFO 9636 --- [           main] weatherservice.WeatherServiceTest        : The following profiles are active: test
2019-04-27 21:00:47.902  INFO 9636 --- [           main] .s.d.r.c.RepositoryConfigurationDelegate : Bootstrapping Spring Data repositories in DEFAULT mode.
2019-04-27 21:00:47.982  INFO 9636 --- [           main] .s.d.r.c.RepositoryConfigurationDelegate : Finished Spring Data repository scanning in 72ms. Found 2 repository interfaces.
2019-04-27 21:00:48.407  INFO 9636 --- [           main] trationDelegate$BeanPostProcessorChecker : Bean 'org.springframework.transaction.annotation.ProxyTransactionManagementConfiguration' of type [org.springframework.transaction.annotation.ProxyTransactionManagementConfiguration$$EnhancerBySpringCGLIB$$e3967bee] is not eligible for getting processed by all BeanPostProcessors (for example: not eligible for auto-proxying)
2019-04-27 21:00:48.702  INFO 9636 --- [           main] com.zaxxer.hikari.HikariDataSource       : HikariPool-1 - Starting...
2019-04-27 21:00:48.903  INFO 9636 --- [           main] com.zaxxer.hikari.HikariDataSource       : HikariPool-1 - Start completed.
2019-04-27 21:00:48.989  INFO 9636 --- [           main] o.hibernate.jpa.internal.util.LogHelper  : HHH000204: Processing PersistenceUnitInfo [
	name: default
	...]
2019-04-27 21:00:49.064  INFO 9636 --- [           main] org.hibernate.Version                    : HHH000412: Hibernate Core {5.3.7.Final}
2019-04-27 21:00:49.065  INFO 9636 --- [           main] org.hibernate.cfg.Environment            : HHH000206: hibernate.properties not found
2019-04-27 21:00:49.207  INFO 9636 --- [           main] o.hibernate.annotations.common.Version   : HCANN000001: Hibernate Commons Annotations {5.0.4.Final}
2019-04-27 21:00:49.489  INFO 9636 --- [           main] org.hibernate.dialect.Dialect            : HHH000400: Using dialect: org.hibernate.dialect.H2Dialect
Hibernate: create table location (id bigint not null, latitude double, longitude double, name varchar(255), primary key (id))
Hibernate: create table weather_entry (id bigint not null, chance_of_rain integer, degrees integer, target_date timestamp, location_id bigint, primary key (id))
Hibernate: create sequence hibernate_sequence start with 1 increment by 1
Hibernate: alter table weather_entry add constraint FK281esw9vit6o3s25gntjfouhx foreign key (location_id) references location
2019-04-27 21:00:50.290  INFO 9636 --- [           main] j.LocalContainerEntityManagerFactoryBean : Initialized JPA EntityManagerFactory for persistence unit 'default'
2019-04-27 21:00:51.316  INFO 9636 --- [           main] o.s.s.concurrent.ThreadPoolTaskExecutor  : Initializing ExecutorService 'applicationTaskExecutor'
2019-04-27 21:00:51.371  WARN 9636 --- [           main] aWebConfiguration$JpaWebMvcConfiguration : spring.jpa.open-in-view is enabled by default. Therefore, database queries may be performed during view rendering. Explicitly configure spring.jpa.open-in-view to disable this warning
2019-04-27 21:00:51.806  INFO 9636 --- [           main] o.s.b.t.m.w.SpringBootMockServletContext : Initializing Spring TestDispatcherServlet ''
2019-04-27 21:00:51.807  INFO 9636 --- [           main] o.s.t.web.servlet.TestDispatcherServlet  : Initializing Servlet ''
2019-04-27 21:00:51.821  INFO 9636 --- [           main] o.s.t.web.servlet.TestDispatcherServlet  : Completed initialization in 14 ms
2019-04-27 21:00:51.846  INFO 9636 --- [           main] weatherservice.WeatherServiceTest        : Started WeatherServiceTest in 5.037 seconds (JVM running for 5.975)
2019-04-27 21:00:52.086  INFO 9636 --- [           main] o.h.h.i.QueryTranslatorFactoryInitiator  : HHH000397: Using ASTQueryTranslatorFactory
Hibernate: select location0_.id as id1_0_, location0_.latitude as latitude2_0_, location0_.longitude as longitud3_0_, location0_.name as name4_0_ from location location0_
Hibernate: call next value for hibernate_sequence
Hibernate: insert into location (latitude, longitude, name, id) values (?, ?, ?, ?)
Hibernate: select location0_.id as id1_0_, location0_.latitude as latitude2_0_, location0_.longitude as longitud3_0_, location0_.name as name4_0_ from location location0_
Hibernate: select weatherent0_.location_id as location5_1_0_, weatherent0_.id as id1_1_0_, weatherent0_.id as id1_1_1_, weatherent0_.chance_of_rain as chance_o2_1_1_, weatherent0_.degrees as degrees3_1_1_, weatherent0_.location_id as location5_1_1_, weatherent0_.target_date as target_d4_1_1_ from weather_entry weatherent0_ where weatherent0_.location_id=?
Hibernate: call next value for hibernate_sequence
Hibernate: insert into location (latitude, longitude, name, id) values (?, ?, ?, ?)
Hibernate: call next value for hibernate_sequence
Hibernate: insert into location (latitude, longitude, name, id) values (?, ?, ?, ?)

MockHttpServletRequest:
      HTTP Method = GET
      Request URI = /locations
       Parameters = {}
          Headers = []
             Body = null
    Session Attrs = {}

Handler:
             Type = weatherservice.LocationController
           Method = public java.lang.String weatherservice.LocationController.list(org.springframework.ui.Model)

Async:
    Async started = false
     Async result = null

Resolved Exception:
             Type = null

ModelAndView:
        View name = locations
             View = null
        Attribute = locations
            value = [Location(name=kumpula, latitude=null, longitude=null, weatherEntries=[])]

FlashMap:
       Attributes = null

MockHttpServletResponse:
           Status = 200
    Error message = null
          Headers = [Content-Language:"en", Content-Type:"text/html;charset=UTF-8"]
     Content type = text/html;charset=UTF-8
             Body = <!DOCTYPE html>
<html xmlns="http://www.w3.org/1999/xhtml">
    <head lang="en">
        <meta charset="UTF-8" />
        <title>Lorem ipsum</title>
    </head>
    <body>

        <h3>Locations</h3>
        <ul>
            <li><a href="/locations/1">kumpula</a></li>
        </ul>

        <div>

            <h3>Add a new location:</h3>

            <form action="/locations" method="POST">
                <p>Location name:</p>
                <input type="text" name="name"/>
                <p>Latitude (e.g. 60.204474)</p>
                <input type="text" name="latitude" value="60.204474"/>
                <p>Longitude (e.g. 24.962289)</p>
                <input type="text" name="longitude" value="24.962289"/>
                <p>&nbsp;</p>
                <input type="submit" value="Add location"/>            
            </form>
        </div>
    </body>
</html>

    Forwarded URL = null
   Redirected URL = null
          Cookies = []

MockHttpServletRequest:
      HTTP Method = POST
      Request URI = /locations
       Parameters = {name=[Bamboo Forest, Japan]}
          Headers = []
             Body = null
    Session Attrs = {}

Handler:
             Type = weatherservice.LocationController
           Method = public java.lang.String weatherservice.LocationController.add(weatherservice.Location)

Async:
    Async started = false
     Async result = null

Resolved Exception:
             Type = null

ModelAndView:
        View name = redirect:/locations
             View = null
            Model = null

FlashMap:
       Attributes = null

MockHttpServletResponse:
           Status = 302
    Error message = null
          Headers = [Content-Language:"en", Location:"/locations"]
     Content type = null
             Body = 
    Forwarded URL = null
   Redirected URL = /locations
          Cookies = []

MockHttpServletRequest:
      HTTP Method = GET
      Request URI = /locations
       Parameters = {}
          Headers = []
             Body = null
    Session Attrs = {}

Handler:
             Type = weatherservice.LocationController
           Method = public java.lang.String weatherservice.LocationController.list(org.springframework.ui.Model)

Async:
    Async started = false
     Async result = null

Resolved Exception:
             Type = null

ModelAndView:
        View name = locations
             View = null
        Attribute = locations
            value = [Location(name=kumpula, latitude=null, longitude=null, weatherEntries=[])]

FlashMap:
       Attributes = null

MockHttpServletResponse:
           Status = 200
    Error message = null
          Headers = [Content-Language:"en", Content-Type:"text/html;charset=UTF-8"]
     Content type = text/html;charset=UTF-8
             Body = <!DOCTYPE html>
<html xmlns="http://www.w3.org/1999/xhtml">
    <head lang="en">
        <meta charset="UTF-8" />
        <title>Lorem ipsum</title>
    </head>
    <body>

        <h3>Locations</h3>
        <ul>
            <li><a href="/locations/1">kumpula</a></li>
        </ul>

        <div>

            <h3>Add a new location:</h3>

            <form action="/locations" method="POST">
                <p>Location name:</p>
                <input type="text" name="name"/>
                <p>Latitude (e.g. 60.204474)</p>
                <input type="text" name="latitude" value="60.204474"/>
                <p>Longitude (e.g. 24.962289)</p>
                <input type="text" name="longitude" value="24.962289"/>
                <p>&nbsp;</p>
                <input type="submit" value="Add location"/>            
            </form>
        </div>
    </body>
</html>

    Forwarded URL = null
   Redirected URL = null
          Cookies = []
]]></system-out>
  </testcase>
  <testcase name="testLocationsRetrievalCached" classname="weatherservice.WeatherServiceTest" time="0.053"/>
  <testcase name="testLocationCacheEvictedOnCacheFlush" classname="weatherservice.WeatherServiceTest" time="0.021">
    <error message="Request processing failed; nested exception is java.lang.IllegalArgumentException: Cannot find cache named &apos;location&apos; for Builder[public weatherservice.Location weatherservice.LocationService.getOneLocationById(java.lang.Long)] caches=[location] | key=&apos;&apos; | keyGenerator=&apos;&apos; | cacheManager=&apos;&apos; | cacheResolver=&apos;&apos; | condition=&apos;&apos; | unless=&apos;&apos; | sync=&apos;false&apos;" type="org.springframework.web.util.NestedServletException">org.springframework.web.util.NestedServletException: Request processing failed; nested exception is java.lang.IllegalArgumentException: Cannot find cache named 'location' for Builder[public weatherservice.Location weatherservice.LocationService.getOneLocationById(java.lang.Long)] caches=[location] | key='' | keyGenerator='' | cacheManager='' | cacheResolver='' | condition='' | unless='' | sync='false'
	at weatherservice.WeatherServiceTest.testLocationCacheEvictedOnCacheFlush(WeatherServiceTest.java:167)
Caused by: java.lang.IllegalArgumentException: Cannot find cache named 'location' for Builder[public weatherservice.Location weatherservice.LocationService.getOneLocationById(java.lang.Long)] caches=[location] | key='' | keyGenerator='' | cacheManager='' | cacheResolver='' | condition='' | unless='' | sync='false'
	at weatherservice.WeatherServiceTest.testLocationCacheEvictedOnCacheFlush(WeatherServiceTest.java:167)
</error>
    <system-out><![CDATA[Hibernate: select location0_.id as id1_0_, location0_.latitude as latitude2_0_, location0_.longitude as longitud3_0_, location0_.name as name4_0_ from location location0_
Hibernate: select weatherent0_.location_id as location5_1_0_, weatherent0_.id as id1_1_0_, weatherent0_.id as id1_1_1_, weatherent0_.chance_of_rain as chance_o2_1_1_, weatherent0_.degrees as degrees3_1_1_, weatherent0_.location_id as location5_1_1_, weatherent0_.target_date as target_d4_1_1_ from weather_entry weatherent0_ where weatherent0_.location_id=?
Hibernate: select weatherent0_.location_id as location5_1_0_, weatherent0_.id as id1_1_0_, weatherent0_.id as id1_1_1_, weatherent0_.chance_of_rain as chance_o2_1_1_, weatherent0_.degrees as degrees3_1_1_, weatherent0_.location_id as location5_1_1_, weatherent0_.target_date as target_d4_1_1_ from weather_entry weatherent0_ where weatherent0_.location_id=?
Hibernate: delete from location where id=?
Hibernate: delete from location where id=?
Hibernate: call next value for hibernate_sequence
Hibernate: insert into location (latitude, longitude, name, id) values (?, ?, ?, ?)

MockHttpServletRequest:
      HTTP Method = GET
      Request URI = /locations
       Parameters = {}
          Headers = []
             Body = null
    Session Attrs = {}

Handler:
             Type = weatherservice.LocationController
           Method = public java.lang.String weatherservice.LocationController.list(org.springframework.ui.Model)

Async:
    Async started = false
     Async result = null

Resolved Exception:
             Type = null

ModelAndView:
        View name = locations
             View = null
        Attribute = locations
            value = [Location(name=kumpula, latitude=null, longitude=null, weatherEntries=[])]

FlashMap:
       Attributes = null

MockHttpServletResponse:
           Status = 200
    Error message = null
          Headers = [Content-Language:"en", Content-Type:"text/html;charset=UTF-8"]
     Content type = text/html;charset=UTF-8
             Body = <!DOCTYPE html>
<html xmlns="http://www.w3.org/1999/xhtml">
    <head lang="en">
        <meta charset="UTF-8" />
        <title>Lorem ipsum</title>
    </head>
    <body>

        <h3>Locations</h3>
        <ul>
            <li><a href="/locations/1">kumpula</a></li>
        </ul>

        <div>

            <h3>Add a new location:</h3>

            <form action="/locations" method="POST">
                <p>Location name:</p>
                <input type="text" name="name"/>
                <p>Latitude (e.g. 60.204474)</p>
                <input type="text" name="latitude" value="60.204474"/>
                <p>Longitude (e.g. 24.962289)</p>
                <input type="text" name="longitude" value="24.962289"/>
                <p>&nbsp;</p>
                <input type="submit" value="Add location"/>            
            </form>
        </div>
    </body>
</html>

    Forwarded URL = null
   Redirected URL = null
          Cookies = []

MockHttpServletRequest:
      HTTP Method = POST
      Request URI = /locations
       Parameters = {name=[Bamboo Forest, Japan]}
          Headers = []
             Body = null
    Session Attrs = {}

Handler:
             Type = weatherservice.LocationController
           Method = public java.lang.String weatherservice.LocationController.add(weatherservice.Location)

Async:
    Async started = false
     Async result = null

Resolved Exception:
             Type = null

ModelAndView:
        View name = redirect:/locations
             View = null
            Model = null

FlashMap:
       Attributes = null

MockHttpServletResponse:
           Status = 302
    Error message = null
          Headers = [Content-Language:"en", Location:"/locations"]
     Content type = null
             Body = 
    Forwarded URL = null
   Redirected URL = /locations
          Cookies = []

MockHttpServletRequest:
      HTTP Method = GET
      Request URI = /locations
       Parameters = {}
          Headers = []
             Body = null
    Session Attrs = {}

Handler:
             Type = weatherservice.LocationController
           Method = public java.lang.String weatherservice.LocationController.list(org.springframework.ui.Model)

Async:
    Async started = false
     Async result = null

Resolved Exception:
             Type = null

ModelAndView:
        View name = locations
             View = null
        Attribute = locations
            value = [Location(name=kumpula, latitude=null, longitude=null, weatherEntries=[])]

FlashMap:
       Attributes = null

MockHttpServletResponse:
           Status = 200
    Error message = null
          Headers = [Content-Language:"en", Content-Type:"text/html;charset=UTF-8"]
     Content type = text/html;charset=UTF-8
             Body = <!DOCTYPE html>
<html xmlns="http://www.w3.org/1999/xhtml">
    <head lang="en">
        <meta charset="UTF-8" />
        <title>Lorem ipsum</title>
    </head>
    <body>

        <h3>Locations</h3>
        <ul>
            <li><a href="/locations/1">kumpula</a></li>
        </ul>

        <div>

            <h3>Add a new location:</h3>

            <form action="/locations" method="POST">
                <p>Location name:</p>
                <input type="text" name="name"/>
                <p>Latitude (e.g. 60.204474)</p>
                <input type="text" name="latitude" value="60.204474"/>
                <p>Longitude (e.g. 24.962289)</p>
                <input type="text" name="longitude" value="24.962289"/>
                <p>&nbsp;</p>
                <input type="submit" value="Add location"/>            
            </form>
        </div>
    </body>
</html>

    Forwarded URL = null
   Redirected URL = null
          Cookies = []

MockHttpServletRequest:
      HTTP Method = GET
      Request URI = /locations
       Parameters = {}
          Headers = []
             Body = null
    Session Attrs = {}

Handler:
             Type = weatherservice.LocationController
           Method = public java.lang.String weatherservice.LocationController.list(org.springframework.ui.Model)

Async:
    Async started = false
     Async result = null

Resolved Exception:
             Type = null

ModelAndView:
        View name = locations
             View = null
        Attribute = locations
            value = [Location(name=kumpula, latitude=null, longitude=null, weatherEntries=[]), Location(name=oomp-pula, latitude=null, longitude=null, weatherEntries=[]), Location(name=Bamboo Forest, Japan, latitude=null, longitude=null, weatherEntries=[])]

FlashMap:
       Attributes = null

MockHttpServletResponse:
           Status = 200
    Error message = null
          Headers = [Content-Language:"en", Content-Type:"text/html;charset=UTF-8"]
     Content type = text/html;charset=UTF-8
             Body = <!DOCTYPE html>
<html xmlns="http://www.w3.org/1999/xhtml">
    <head lang="en">
        <meta charset="UTF-8" />
        <title>Lorem ipsum</title>
    </head>
    <body>

        <h3>Locations</h3>
        <ul>
            <li><a href="/locations/1">kumpula</a></li>
            <li><a href="/locations/2">oomp-pula</a></li>
            <li><a href="/locations/3">Bamboo Forest, Japan</a></li>
        </ul>

        <div>

            <h3>Add a new location:</h3>

            <form action="/locations" method="POST">
                <p>Location name:</p>
                <input type="text" name="name"/>
                <p>Latitude (e.g. 60.204474)</p>
                <input type="text" name="latitude" value="60.204474"/>
                <p>Longitude (e.g. 24.962289)</p>
                <input type="text" name="longitude" value="24.962289"/>
                <p>&nbsp;</p>
                <input type="submit" value="Add location"/>            
            </form>
        </div>
    </body>
</html>

    Forwarded URL = null
   Redirected URL = null
          Cookies = []

MockHttpServletRequest:
      HTTP Method = GET
      Request URI = /locations
       Parameters = {}
          Headers = []
             Body = null
    Session Attrs = {}

Handler:
             Type = weatherservice.LocationController
           Method = public java.lang.String weatherservice.LocationController.list(org.springframework.ui.Model)

Async:
    Async started = false
     Async result = null

Resolved Exception:
             Type = null

ModelAndView:
        View name = locations
             View = null
        Attribute = locations
            value = [Location(name=kumpula, latitude=null, longitude=null, weatherEntries=[]), Location(name=oomp-pula, latitude=null, longitude=null, weatherEntries=[]), Location(name=Bamboo Forest, Japan, latitude=null, longitude=null, weatherEntries=[])]

FlashMap:
       Attributes = null

MockHttpServletResponse:
           Status = 200
    Error message = null
          Headers = [Content-Language:"en", Content-Type:"text/html;charset=UTF-8"]
     Content type = text/html;charset=UTF-8
             Body = <!DOCTYPE html>
<html xmlns="http://www.w3.org/1999/xhtml">
    <head lang="en">
        <meta charset="UTF-8" />
        <title>Lorem ipsum</title>
    </head>
    <body>

        <h3>Locations</h3>
        <ul>
            <li><a href="/locations/1">kumpula</a></li>
            <li><a href="/locations/2">oomp-pula</a></li>
            <li><a href="/locations/3">Bamboo Forest, Japan</a></li>
        </ul>

        <div>

            <h3>Add a new location:</h3>

            <form action="/locations" method="POST">
                <p>Location name:</p>
                <input type="text" name="name"/>
                <p>Latitude (e.g. 60.204474)</p>
                <input type="text" name="latitude" value="60.204474"/>
                <p>Longitude (e.g. 24.962289)</p>
                <input type="text" name="longitude" value="24.962289"/>
                <p>&nbsp;</p>
                <input type="submit" value="Add location"/>            
            </form>
        </div>
    </body>
</html>

    Forwarded URL = null
   Redirected URL = null
          Cookies = []

MockHttpServletRequest:
      HTTP Method = GET
      Request URI = /locations
       Parameters = {}
          Headers = []
             Body = null
    Session Attrs = {}

Handler:
             Type = weatherservice.LocationController
           Method = public java.lang.String weatherservice.LocationController.list(org.springframework.ui.Model)

Async:
    Async started = false
     Async result = null

Resolved Exception:
             Type = null

ModelAndView:
        View name = locations
             View = null
        Attribute = locations
            value = [Location(name=kumpula, latitude=null, longitude=null, weatherEntries=[]), Location(name=oomp-pula, latitude=null, longitude=null, weatherEntries=[]), Location(name=Bamboo Forest, Japan, latitude=null, longitude=null, weatherEntries=[])]

FlashMap:
       Attributes = null

MockHttpServletResponse:
           Status = 200
    Error message = null
          Headers = [Content-Language:"en", Content-Type:"text/html;charset=UTF-8"]
     Content type = text/html;charset=UTF-8
             Body = <!DOCTYPE html>
<html xmlns="http://www.w3.org/1999/xhtml">
    <head lang="en">
        <meta charset="UTF-8" />
        <title>Lorem ipsum</title>
    </head>
    <body>

        <h3>Locations</h3>
        <ul>
            <li><a href="/locations/1">kumpula</a></li>
            <li><a href="/locations/2">oomp-pula</a></li>
            <li><a href="/locations/3">Bamboo Forest, Japan</a></li>
        </ul>

        <div>

            <h3>Add a new location:</h3>

            <form action="/locations" method="POST">
                <p>Location name:</p>
                <input type="text" name="name"/>
                <p>Latitude (e.g. 60.204474)</p>
                <input type="text" name="latitude" value="60.204474"/>
                <p>Longitude (e.g. 24.962289)</p>
                <input type="text" name="longitude" value="24.962289"/>
                <p>&nbsp;</p>
                <input type="submit" value="Add location"/>            
            </form>
        </div>
    </body>
</html>

    Forwarded URL = null
   Redirected URL = null
          Cookies = []
]]></system-out>
  </testcase>
  <testcase name="testSingleLocationCached" classname="weatherservice.WeatherServiceTest" time="0.02">
    <error message="Request processing failed; nested exception is java.lang.IllegalArgumentException: Cannot find cache named &apos;location&apos; for Builder[public weatherservice.Location weatherservice.LocationService.getOneLocationById(java.lang.Long)] caches=[location] | key=&apos;&apos; | keyGenerator=&apos;&apos; | cacheManager=&apos;&apos; | cacheResolver=&apos;&apos; | condition=&apos;&apos; | unless=&apos;&apos; | sync=&apos;false&apos;" type="org.springframework.web.util.NestedServletException">org.springframework.web.util.NestedServletException: Request processing failed; nested exception is java.lang.IllegalArgumentException: Cannot find cache named 'location' for Builder[public weatherservice.Location weatherservice.LocationService.getOneLocationById(java.lang.Long)] caches=[location] | key='' | keyGenerator='' | cacheManager='' | cacheResolver='' | condition='' | unless='' | sync='false'
	at weatherservice.WeatherServiceTest.testSingleLocationCached(WeatherServiceTest.java:79)
Caused by: java.lang.IllegalArgumentException: Cannot find cache named 'location' for Builder[public weatherservice.Location weatherservice.LocationService.getOneLocationById(java.lang.Long)] caches=[location] | key='' | keyGenerator='' | cacheManager='' | cacheResolver='' | condition='' | unless='' | sync='false'
	at weatherservice.WeatherServiceTest.testSingleLocationCached(WeatherServiceTest.java:79)
</error>
    <system-out><![CDATA[Hibernate: select location0_.id as id1_0_, location0_.latitude as latitude2_0_, location0_.longitude as longitud3_0_, location0_.name as name4_0_ from location location0_
Hibernate: select weatherent0_.location_id as location5_1_0_, weatherent0_.id as id1_1_0_, weatherent0_.id as id1_1_1_, weatherent0_.chance_of_rain as chance_o2_1_1_, weatherent0_.degrees as degrees3_1_1_, weatherent0_.location_id as location5_1_1_, weatherent0_.target_date as target_d4_1_1_ from weather_entry weatherent0_ where weatherent0_.location_id=?
Hibernate: delete from location where id=?
Hibernate: call next value for hibernate_sequence
Hibernate: insert into location (latitude, longitude, name, id) values (?, ?, ?, ?)

MockHttpServletRequest:
      HTTP Method = GET
      Request URI = /locations
       Parameters = {}
          Headers = []
             Body = null
    Session Attrs = {}

Handler:
             Type = weatherservice.LocationController
           Method = public java.lang.String weatherservice.LocationController.list(org.springframework.ui.Model)

Async:
    Async started = false
     Async result = null

Resolved Exception:
             Type = null

ModelAndView:
        View name = locations
             View = null
        Attribute = locations
            value = [Location(name=kumpula, latitude=null, longitude=null, weatherEntries=[])]

FlashMap:
       Attributes = null

MockHttpServletResponse:
           Status = 200
    Error message = null
          Headers = [Content-Language:"en", Content-Type:"text/html;charset=UTF-8"]
     Content type = text/html;charset=UTF-8
             Body = <!DOCTYPE html>
<html xmlns="http://www.w3.org/1999/xhtml">
    <head lang="en">
        <meta charset="UTF-8" />
        <title>Lorem ipsum</title>
    </head>
    <body>

        <h3>Locations</h3>
        <ul>
            <li><a href="/locations/1">kumpula</a></li>
        </ul>

        <div>

            <h3>Add a new location:</h3>

            <form action="/locations" method="POST">
                <p>Location name:</p>
                <input type="text" name="name"/>
                <p>Latitude (e.g. 60.204474)</p>
                <input type="text" name="latitude" value="60.204474"/>
                <p>Longitude (e.g. 24.962289)</p>
                <input type="text" name="longitude" value="24.962289"/>
                <p>&nbsp;</p>
                <input type="submit" value="Add location"/>            
            </form>
        </div>
    </body>
</html>

    Forwarded URL = null
   Redirected URL = null
          Cookies = []

MockHttpServletRequest:
      HTTP Method = POST
      Request URI = /locations
       Parameters = {name=[Bamboo Forest, Japan]}
          Headers = []
             Body = null
    Session Attrs = {}

Handler:
             Type = weatherservice.LocationController
           Method = public java.lang.String weatherservice.LocationController.add(weatherservice.Location)

Async:
    Async started = false
     Async result = null

Resolved Exception:
             Type = null

ModelAndView:
        View name = redirect:/locations
             View = null
            Model = null

FlashMap:
       Attributes = null

MockHttpServletResponse:
           Status = 302
    Error message = null
          Headers = [Content-Language:"en", Location:"/locations"]
     Content type = null
             Body = 
    Forwarded URL = null
   Redirected URL = /locations
          Cookies = []

MockHttpServletRequest:
      HTTP Method = GET
      Request URI = /locations
       Parameters = {}
          Headers = []
             Body = null
    Session Attrs = {}

Handler:
             Type = weatherservice.LocationController
           Method = public java.lang.String weatherservice.LocationController.list(org.springframework.ui.Model)

Async:
    Async started = false
     Async result = null

Resolved Exception:
             Type = null

ModelAndView:
        View name = locations
             View = null
        Attribute = locations
            value = [Location(name=kumpula, latitude=null, longitude=null, weatherEntries=[])]

FlashMap:
       Attributes = null

MockHttpServletResponse:
           Status = 200
    Error message = null
          Headers = [Content-Language:"en", Content-Type:"text/html;charset=UTF-8"]
     Content type = text/html;charset=UTF-8
             Body = <!DOCTYPE html>
<html xmlns="http://www.w3.org/1999/xhtml">
    <head lang="en">
        <meta charset="UTF-8" />
        <title>Lorem ipsum</title>
    </head>
    <body>

        <h3>Locations</h3>
        <ul>
            <li><a href="/locations/1">kumpula</a></li>
        </ul>

        <div>

            <h3>Add a new location:</h3>

            <form action="/locations" method="POST">
                <p>Location name:</p>
                <input type="text" name="name"/>
                <p>Latitude (e.g. 60.204474)</p>
                <input type="text" name="latitude" value="60.204474"/>
                <p>Longitude (e.g. 24.962289)</p>
                <input type="text" name="longitude" value="24.962289"/>
                <p>&nbsp;</p>
                <input type="submit" value="Add location"/>            
            </form>
        </div>
    </body>
</html>

    Forwarded URL = null
   Redirected URL = null
          Cookies = []

MockHttpServletRequest:
      HTTP Method = GET
      Request URI = /locations
       Parameters = {}
          Headers = []
             Body = null
    Session Attrs = {}

Handler:
             Type = weatherservice.LocationController
           Method = public java.lang.String weatherservice.LocationController.list(org.springframework.ui.Model)

Async:
    Async started = false
     Async result = null

Resolved Exception:
             Type = null

ModelAndView:
        View name = locations
             View = null
        Attribute = locations
            value = [Location(name=kumpula, latitude=null, longitude=null, weatherEntries=[]), Location(name=oomp-pula, latitude=null, longitude=null, weatherEntries=[]), Location(name=Bamboo Forest, Japan, latitude=null, longitude=null, weatherEntries=[])]

FlashMap:
       Attributes = null

MockHttpServletResponse:
           Status = 200
    Error message = null
          Headers = [Content-Language:"en", Content-Type:"text/html;charset=UTF-8"]
     Content type = text/html;charset=UTF-8
             Body = <!DOCTYPE html>
<html xmlns="http://www.w3.org/1999/xhtml">
    <head lang="en">
        <meta charset="UTF-8" />
        <title>Lorem ipsum</title>
    </head>
    <body>

        <h3>Locations</h3>
        <ul>
            <li><a href="/locations/1">kumpula</a></li>
            <li><a href="/locations/2">oomp-pula</a></li>
            <li><a href="/locations/3">Bamboo Forest, Japan</a></li>
        </ul>

        <div>

            <h3>Add a new location:</h3>

            <form action="/locations" method="POST">
                <p>Location name:</p>
                <input type="text" name="name"/>
                <p>Latitude (e.g. 60.204474)</p>
                <input type="text" name="latitude" value="60.204474"/>
                <p>Longitude (e.g. 24.962289)</p>
                <input type="text" name="longitude" value="24.962289"/>
                <p>&nbsp;</p>
                <input type="submit" value="Add location"/>            
            </form>
        </div>
    </body>
</html>

    Forwarded URL = null
   Redirected URL = null
          Cookies = []

MockHttpServletRequest:
      HTTP Method = GET
      Request URI = /locations
       Parameters = {}
          Headers = []
             Body = null
    Session Attrs = {}

Handler:
             Type = weatherservice.LocationController
           Method = public java.lang.String weatherservice.LocationController.list(org.springframework.ui.Model)

Async:
    Async started = false
     Async result = null

Resolved Exception:
             Type = null

ModelAndView:
        View name = locations
             View = null
        Attribute = locations
            value = [Location(name=kumpula, latitude=null, longitude=null, weatherEntries=[]), Location(name=oomp-pula, latitude=null, longitude=null, weatherEntries=[]), Location(name=Bamboo Forest, Japan, latitude=null, longitude=null, weatherEntries=[])]

FlashMap:
       Attributes = null

MockHttpServletResponse:
           Status = 200
    Error message = null
          Headers = [Content-Language:"en", Content-Type:"text/html;charset=UTF-8"]
     Content type = text/html;charset=UTF-8
             Body = <!DOCTYPE html>
<html xmlns="http://www.w3.org/1999/xhtml">
    <head lang="en">
        <meta charset="UTF-8" />
        <title>Lorem ipsum</title>
    </head>
    <body>

        <h3>Locations</h3>
        <ul>
            <li><a href="/locations/1">kumpula</a></li>
            <li><a href="/locations/2">oomp-pula</a></li>
            <li><a href="/locations/3">Bamboo Forest, Japan</a></li>
        </ul>

        <div>

            <h3>Add a new location:</h3>

            <form action="/locations" method="POST">
                <p>Location name:</p>
                <input type="text" name="name"/>
                <p>Latitude (e.g. 60.204474)</p>
                <input type="text" name="latitude" value="60.204474"/>
                <p>Longitude (e.g. 24.962289)</p>
                <input type="text" name="longitude" value="24.962289"/>
                <p>&nbsp;</p>
                <input type="submit" value="Add location"/>            
            </form>
        </div>
    </body>
</html>

    Forwarded URL = null
   Redirected URL = null
          Cookies = []

MockHttpServletRequest:
      HTTP Method = GET
      Request URI = /locations
       Parameters = {}
          Headers = []
             Body = null
    Session Attrs = {}

Handler:
             Type = weatherservice.LocationController
           Method = public java.lang.String weatherservice.LocationController.list(org.springframework.ui.Model)

Async:
    Async started = false
     Async result = null

Resolved Exception:
             Type = null

ModelAndView:
        View name = locations
             View = null
        Attribute = locations
            value = [Location(name=kumpula, latitude=null, longitude=null, weatherEntries=[]), Location(name=oomp-pula, latitude=null, longitude=null, weatherEntries=[]), Location(name=Bamboo Forest, Japan, latitude=null, longitude=null, weatherEntries=[])]

FlashMap:
       Attributes = null

MockHttpServletResponse:
           Status = 200
    Error message = null
          Headers = [Content-Language:"en", Content-Type:"text/html;charset=UTF-8"]
     Content type = text/html;charset=UTF-8
             Body = <!DOCTYPE html>
<html xmlns="http://www.w3.org/1999/xhtml">
    <head lang="en">
        <meta charset="UTF-8" />
        <title>Lorem ipsum</title>
    </head>
    <body>

        <h3>Locations</h3>
        <ul>
            <li><a href="/locations/1">kumpula</a></li>
            <li><a href="/locations/2">oomp-pula</a></li>
            <li><a href="/locations/3">Bamboo Forest, Japan</a></li>
        </ul>

        <div>

            <h3>Add a new location:</h3>

            <form action="/locations" method="POST">
                <p>Location name:</p>
                <input type="text" name="name"/>
                <p>Latitude (e.g. 60.204474)</p>
                <input type="text" name="latitude" value="60.204474"/>
                <p>Longitude (e.g. 24.962289)</p>
                <input type="text" name="longitude" value="24.962289"/>
                <p>&nbsp;</p>
                <input type="submit" value="Add location"/>            
            </form>
        </div>
    </body>
</html>

    Forwarded URL = null
   Redirected URL = null
          Cookies = []
]]></system-out>
  </testcase>
  <testcase name="testLocationCacheEvictedOnAddLocation" classname="weatherservice.WeatherServiceTest" time="0.016">
    <error message="Request processing failed; nested exception is java.lang.IllegalArgumentException: Cannot find cache named &apos;location&apos; for Builder[public weatherservice.Location weatherservice.LocationService.getOneLocationById(java.lang.Long)] caches=[location] | key=&apos;&apos; | keyGenerator=&apos;&apos; | cacheManager=&apos;&apos; | cacheResolver=&apos;&apos; | condition=&apos;&apos; | unless=&apos;&apos; | sync=&apos;false&apos;" type="org.springframework.web.util.NestedServletException">org.springframework.web.util.NestedServletException: Request processing failed; nested exception is java.lang.IllegalArgumentException: Cannot find cache named 'location' for Builder[public weatherservice.Location weatherservice.LocationService.getOneLocationById(java.lang.Long)] caches=[location] | key='' | keyGenerator='' | cacheManager='' | cacheResolver='' | condition='' | unless='' | sync='false'
	at weatherservice.WeatherServiceTest.testLocationCacheEvictedOnAddLocation(WeatherServiceTest.java:137)
Caused by: java.lang.IllegalArgumentException: Cannot find cache named 'location' for Builder[public weatherservice.Location weatherservice.LocationService.getOneLocationById(java.lang.Long)] caches=[location] | key='' | keyGenerator='' | cacheManager='' | cacheResolver='' | condition='' | unless='' | sync='false'
	at weatherservice.WeatherServiceTest.testLocationCacheEvictedOnAddLocation(WeatherServiceTest.java:137)
</error>
    <system-out><![CDATA[Hibernate: select location0_.id as id1_0_, location0_.latitude as latitude2_0_, location0_.longitude as longitud3_0_, location0_.name as name4_0_ from location location0_
Hibernate: select weatherent0_.location_id as location5_1_0_, weatherent0_.id as id1_1_0_, weatherent0_.id as id1_1_1_, weatherent0_.chance_of_rain as chance_o2_1_1_, weatherent0_.degrees as degrees3_1_1_, weatherent0_.location_id as location5_1_1_, weatherent0_.target_date as target_d4_1_1_ from weather_entry weatherent0_ where weatherent0_.location_id=?
Hibernate: delete from location where id=?
Hibernate: call next value for hibernate_sequence
Hibernate: insert into location (latitude, longitude, name, id) values (?, ?, ?, ?)

MockHttpServletRequest:
      HTTP Method = GET
      Request URI = /locations
       Parameters = {}
          Headers = []
             Body = null
    Session Attrs = {}

Handler:
             Type = weatherservice.LocationController
           Method = public java.lang.String weatherservice.LocationController.list(org.springframework.ui.Model)

Async:
    Async started = false
     Async result = null

Resolved Exception:
             Type = null

ModelAndView:
        View name = locations
             View = null
        Attribute = locations
            value = [Location(name=kumpula, latitude=null, longitude=null, weatherEntries=[])]

FlashMap:
       Attributes = null

MockHttpServletResponse:
           Status = 200
    Error message = null
          Headers = [Content-Language:"en", Content-Type:"text/html;charset=UTF-8"]
     Content type = text/html;charset=UTF-8
             Body = <!DOCTYPE html>
<html xmlns="http://www.w3.org/1999/xhtml">
    <head lang="en">
        <meta charset="UTF-8" />
        <title>Lorem ipsum</title>
    </head>
    <body>

        <h3>Locations</h3>
        <ul>
            <li><a href="/locations/1">kumpula</a></li>
        </ul>

        <div>

            <h3>Add a new location:</h3>

            <form action="/locations" method="POST">
                <p>Location name:</p>
                <input type="text" name="name"/>
                <p>Latitude (e.g. 60.204474)</p>
                <input type="text" name="latitude" value="60.204474"/>
                <p>Longitude (e.g. 24.962289)</p>
                <input type="text" name="longitude" value="24.962289"/>
                <p>&nbsp;</p>
                <input type="submit" value="Add location"/>            
            </form>
        </div>
    </body>
</html>

    Forwarded URL = null
   Redirected URL = null
          Cookies = []

MockHttpServletRequest:
      HTTP Method = POST
      Request URI = /locations
       Parameters = {name=[Bamboo Forest, Japan]}
          Headers = []
             Body = null
    Session Attrs = {}

Handler:
             Type = weatherservice.LocationController
           Method = public java.lang.String weatherservice.LocationController.add(weatherservice.Location)

Async:
    Async started = false
     Async result = null

Resolved Exception:
             Type = null

ModelAndView:
        View name = redirect:/locations
             View = null
            Model = null

FlashMap:
       Attributes = null

MockHttpServletResponse:
           Status = 302
    Error message = null
          Headers = [Content-Language:"en", Location:"/locations"]
     Content type = null
             Body = 
    Forwarded URL = null
   Redirected URL = /locations
          Cookies = []

MockHttpServletRequest:
      HTTP Method = GET
      Request URI = /locations
       Parameters = {}
          Headers = []
             Body = null
    Session Attrs = {}

Handler:
             Type = weatherservice.LocationController
           Method = public java.lang.String weatherservice.LocationController.list(org.springframework.ui.Model)

Async:
    Async started = false
     Async result = null

Resolved Exception:
             Type = null

ModelAndView:
        View name = locations
             View = null
        Attribute = locations
            value = [Location(name=kumpula, latitude=null, longitude=null, weatherEntries=[])]

FlashMap:
       Attributes = null

MockHttpServletResponse:
           Status = 200
    Error message = null
          Headers = [Content-Language:"en", Content-Type:"text/html;charset=UTF-8"]
     Content type = text/html;charset=UTF-8
             Body = <!DOCTYPE html>
<html xmlns="http://www.w3.org/1999/xhtml">
    <head lang="en">
        <meta charset="UTF-8" />
        <title>Lorem ipsum</title>
    </head>
    <body>

        <h3>Locations</h3>
        <ul>
            <li><a href="/locations/1">kumpula</a></li>
        </ul>

        <div>

            <h3>Add a new location:</h3>

            <form action="/locations" method="POST">
                <p>Location name:</p>
                <input type="text" name="name"/>
                <p>Latitude (e.g. 60.204474)</p>
                <input type="text" name="latitude" value="60.204474"/>
                <p>Longitude (e.g. 24.962289)</p>
                <input type="text" name="longitude" value="24.962289"/>
                <p>&nbsp;</p>
                <input type="submit" value="Add location"/>            
            </form>
        </div>
    </body>
</html>

    Forwarded URL = null
   Redirected URL = null
          Cookies = []

MockHttpServletRequest:
      HTTP Method = GET
      Request URI = /locations
       Parameters = {}
          Headers = []
             Body = null
    Session Attrs = {}

Handler:
             Type = weatherservice.LocationController
           Method = public java.lang.String weatherservice.LocationController.list(org.springframework.ui.Model)

Async:
    Async started = false
     Async result = null

Resolved Exception:
             Type = null

ModelAndView:
        View name = locations
             View = null
        Attribute = locations
            value = [Location(name=kumpula, latitude=null, longitude=null, weatherEntries=[]), Location(name=oomp-pula, latitude=null, longitude=null, weatherEntries=[]), Location(name=Bamboo Forest, Japan, latitude=null, longitude=null, weatherEntries=[])]

FlashMap:
       Attributes = null

MockHttpServletResponse:
           Status = 200
    Error message = null
          Headers = [Content-Language:"en", Content-Type:"text/html;charset=UTF-8"]
     Content type = text/html;charset=UTF-8
             Body = <!DOCTYPE html>
<html xmlns="http://www.w3.org/1999/xhtml">
    <head lang="en">
        <meta charset="UTF-8" />
        <title>Lorem ipsum</title>
    </head>
    <body>

        <h3>Locations</h3>
        <ul>
            <li><a href="/locations/1">kumpula</a></li>
            <li><a href="/locations/2">oomp-pula</a></li>
            <li><a href="/locations/3">Bamboo Forest, Japan</a></li>
        </ul>

        <div>

            <h3>Add a new location:</h3>

            <form action="/locations" method="POST">
                <p>Location name:</p>
                <input type="text" name="name"/>
                <p>Latitude (e.g. 60.204474)</p>
                <input type="text" name="latitude" value="60.204474"/>
                <p>Longitude (e.g. 24.962289)</p>
                <input type="text" name="longitude" value="24.962289"/>
                <p>&nbsp;</p>
                <input type="submit" value="Add location"/>            
            </form>
        </div>
    </body>
</html>

    Forwarded URL = null
   Redirected URL = null
          Cookies = []

MockHttpServletRequest:
      HTTP Method = GET
      Request URI = /locations
       Parameters = {}
          Headers = []
             Body = null
    Session Attrs = {}

Handler:
             Type = weatherservice.LocationController
           Method = public java.lang.String weatherservice.LocationController.list(org.springframework.ui.Model)

Async:
    Async started = false
     Async result = null

Resolved Exception:
             Type = null

ModelAndView:
        View name = locations
             View = null
        Attribute = locations
            value = [Location(name=kumpula, latitude=null, longitude=null, weatherEntries=[]), Location(name=oomp-pula, latitude=null, longitude=null, weatherEntries=[]), Location(name=Bamboo Forest, Japan, latitude=null, longitude=null, weatherEntries=[])]

FlashMap:
       Attributes = null

MockHttpServletResponse:
           Status = 200
    Error message = null
          Headers = [Content-Language:"en", Content-Type:"text/html;charset=UTF-8"]
     Content type = text/html;charset=UTF-8
             Body = <!DOCTYPE html>
<html xmlns="http://www.w3.org/1999/xhtml">
    <head lang="en">
        <meta charset="UTF-8" />
        <title>Lorem ipsum</title>
    </head>
    <body>

        <h3>Locations</h3>
        <ul>
            <li><a href="/locations/1">kumpula</a></li>
            <li><a href="/locations/2">oomp-pula</a></li>
            <li><a href="/locations/3">Bamboo Forest, Japan</a></li>
        </ul>

        <div>

            <h3>Add a new location:</h3>

            <form action="/locations" method="POST">
                <p>Location name:</p>
                <input type="text" name="name"/>
                <p>Latitude (e.g. 60.204474)</p>
                <input type="text" name="latitude" value="60.204474"/>
                <p>Longitude (e.g. 24.962289)</p>
                <input type="text" name="longitude" value="24.962289"/>
                <p>&nbsp;</p>
                <input type="submit" value="Add location"/>            
            </form>
        </div>
    </body>
</html>

    Forwarded URL = null
   Redirected URL = null
          Cookies = []

MockHttpServletRequest:
      HTTP Method = GET
      Request URI = /locations
       Parameters = {}
          Headers = []
             Body = null
    Session Attrs = {}

Handler:
             Type = weatherservice.LocationController
           Method = public java.lang.String weatherservice.LocationController.list(org.springframework.ui.Model)

Async:
    Async started = false
     Async result = null

Resolved Exception:
             Type = null

ModelAndView:
        View name = locations
             View = null
        Attribute = locations
            value = [Location(name=kumpula, latitude=null, longitude=null, weatherEntries=[]), Location(name=oomp-pula, latitude=null, longitude=null, weatherEntries=[]), Location(name=Bamboo Forest, Japan, latitude=null, longitude=null, weatherEntries=[])]

FlashMap:
       Attributes = null

MockHttpServletResponse:
           Status = 200
    Error message = null
          Headers = [Content-Language:"en", Content-Type:"text/html;charset=UTF-8"]
     Content type = text/html;charset=UTF-8
             Body = <!DOCTYPE html>
<html xmlns="http://www.w3.org/1999/xhtml">
    <head lang="en">
        <meta charset="UTF-8" />
        <title>Lorem ipsum</title>
    </head>
    <body>

        <h3>Locations</h3>
        <ul>
            <li><a href="/locations/1">kumpula</a></li>
            <li><a href="/locations/2">oomp-pula</a></li>
            <li><a href="/locations/3">Bamboo Forest, Japan</a></li>
        </ul>

        <div>

            <h3>Add a new location:</h3>

            <form action="/locations" method="POST">
                <p>Location name:</p>
                <input type="text" name="name"/>
                <p>Latitude (e.g. 60.204474)</p>
                <input type="text" name="latitude" value="60.204474"/>
                <p>Longitude (e.g. 24.962289)</p>
                <input type="text" name="longitude" value="24.962289"/>
                <p>&nbsp;</p>
                <input type="submit" value="Add location"/>            
            </form>
        </div>
    </body>
</html>

    Forwarded URL = null
   Redirected URL = null
          Cookies = []
]]></system-out>
  </testcase>
</testsuite>