-------------------------------------------------------------------------------
Test set: airports.DomainObjectTest
-------------------------------------------------------------------------------
Tests run: 3, Failures: 1, Errors: 0, Skipped: 0, Time elapsed: 0.112 s <<< FAILURE! - in airports.DomainObjectTest
validateAircraft(airports.DomainObjectTest)  Time elapsed: 0.005 s  <<< FAILURE!
java.lang.AssertionError: Field airport must be private.
	at airports.DomainObjectTest.validateAircraft(DomainObjectTest.java:50)

