-------------------------------------------------------------------------------
Test set: airports.XControllerTest
-------------------------------------------------------------------------------
Tests run: 1, Failures: 1, Errors: 0, Skipped: 0, Time elapsed: 7.685 s <<< FAILURE! - in airports.XControllerTest
canAddAircraftToAirport(airports.XControllerTest)  Time elapsed: 0.327 s  <<< FAILURE!
java.lang.AssertionError: Range for response status value 404 expected:<REDIRECTION> but was:<CLIENT_ERROR>
	at airports.XControllerTest.canAddAircraftToAirport(XControllerTest.java:49)

